TN:
SF:src\App.jsx
FN:11,PrivateRoute
FN:27,AdminRoute
FN:43,AppRoutes
FN:108,App
FNF:4
FNH:4
FNDA:4,PrivateRoute
FNDA:3,AdminRoute
FNDA:11,AppRoutes
FNDA:11,App
DA:1,1
DA:2,1
DA:3,1
DA:4,1
DA:5,1
DA:6,1
DA:7,1
DA:8,1
DA:9,1
DA:10,1
DA:11,4
DA:12,4
DA:13,4
DA:14,4
DA:15,1
DA:16,1
DA:17,1
DA:18,1
DA:19,1
DA:20,1
DA:21,3
DA:22,3
DA:23,2
DA:24,1
DA:25,4
DA:26,1
DA:27,3
DA:28,3
DA:29,3
DA:30,3
DA:31,1
DA:32,1
DA:33,1
DA:34,1
DA:35,1
DA:36,1
DA:37,2
DA:38,3
DA:39,1
DA:40,1
DA:41,3
DA:42,1
DA:43,11
DA:44,11
DA:45,11
DA:46,11
DA:47,11
DA:48,11
DA:49,11
DA:50,11
DA:51,11
DA:52,11
DA:53,11
DA:54,11
DA:55,11
DA:56,11
DA:57,11
DA:58,11
DA:59,11
DA:60,11
DA:61,11
DA:62,11
DA:63,11
DA:64,11
DA:65,11
DA:66,11
DA:67,11
DA:68,11
DA:69,11
DA:70,11
DA:71,11
DA:72,11
DA:73,11
DA:74,11
DA:75,11
DA:76,11
DA:77,11
DA:78,11
DA:79,11
DA:80,11
DA:81,11
DA:82,11
DA:83,11
DA:84,11
DA:85,11
DA:86,11
DA:87,11
DA:88,11
DA:89,11
DA:90,11
DA:91,11
DA:92,11
DA:93,11
DA:94,11
DA:95,11
DA:96,11
DA:97,11
DA:98,11
DA:99,11
DA:100,11
DA:101,11
DA:102,11
DA:103,11
DA:104,11
DA:105,11
DA:106,11
DA:107,1
DA:108,11
DA:109,11
DA:110,11
DA:111,11
DA:112,11
DA:113,11
DA:114,11
LF:114
LH:114
BRDA:11,0,0,4
BRDA:14,1,0,1
BRDA:20,2,0,3
BRDA:22,3,0,2
BRDA:23,4,0,1
BRDA:27,5,0,3
BRDA:30,6,0,1
BRDA:36,7,0,2
BRDA:38,8,0,1
BRDA:39,9,0,1
BRDA:43,10,0,11
BRDA:108,11,0,11
BRF:12
BRH:12
end_of_record
TN:
SF:src\components\LanguageSwitcher.jsx
FN:3,LanguageSwitcher
FN:7,setLang
FN:16,onClick
FN:24,onClick
FNF:4
FNH:4
FNDA:211,LanguageSwitcher
FNDA:3,setLang
FNDA:1,onClick
FNDA:2,onClick
DA:1,1
DA:2,1
DA:3,211
DA:4,211
DA:5,211
DA:6,211
DA:7,211
DA:8,3
DA:9,3
DA:10,211
DA:11,211
DA:12,211
DA:13,211
DA:14,211
DA:15,211
DA:16,211
DA:17,211
DA:18,211
DA:19,211
DA:20,211
DA:21,211
DA:22,211
DA:23,211
DA:24,211
DA:25,211
DA:26,211
DA:27,211
DA:28,211
DA:29,211
DA:30,211
DA:31,211
LF:31
LH:31
BRDA:3,0,0,211
BRDA:5,1,0,0
BRDA:5,2,0,0
BRDA:15,3,0,208
BRDA:15,4,0,2
BRDA:23,5,0,2
BRDA:23,6,0,208
BRDA:7,7,0,3
BRDA:16,8,0,1
BRDA:24,9,0,2
BRF:10
BRH:8
end_of_record
TN:
SF:src\components\MapModal.jsx
FN:1,(empty-report)
FNF:1
FNH:0
FNDA:0,(empty-report)
DA:1,0
DA:2,0
DA:3,0
DA:4,0
DA:5,0
DA:6,0
DA:7,0
DA:8,0
DA:9,0
DA:10,0
DA:11,0
DA:12,0
DA:13,0
DA:14,0
DA:15,0
DA:16,0
DA:17,0
DA:18,0
DA:19,0
DA:20,0
DA:21,0
DA:22,0
DA:23,0
DA:24,0
DA:25,0
DA:26,0
DA:27,0
DA:28,0
DA:29,0
DA:30,0
DA:31,0
DA:32,0
DA:33,0
DA:34,0
DA:35,0
DA:36,0
DA:37,0
DA:38,0
DA:39,0
DA:40,0
DA:41,0
DA:42,0
DA:43,0
DA:44,0
DA:45,0
DA:46,0
DA:47,0
DA:48,0
DA:49,0
DA:50,0
DA:51,0
DA:52,0
DA:53,0
DA:54,0
DA:55,0
DA:56,0
DA:57,0
DA:58,0
DA:59,0
DA:60,0
DA:61,0
DA:62,0
DA:63,0
DA:64,0
DA:65,0
DA:66,0
DA:67,0
DA:68,0
DA:69,0
DA:70,0
DA:71,0
DA:72,0
DA:73,0
DA:74,0
DA:75,0
DA:76,0
DA:77,0
DA:78,0
DA:79,0
DA:80,0
DA:81,0
DA:82,0
DA:83,0
DA:84,0
DA:85,0
DA:86,0
DA:87,0
DA:88,0
DA:89,0
DA:90,0
DA:91,0
DA:92,0
DA:93,0
DA:94,0
DA:95,0
DA:96,0
DA:97,0
DA:98,0
DA:99,0
DA:100,0
DA:101,0
DA:102,0
DA:103,0
DA:104,0
DA:105,0
DA:106,0
DA:107,0
DA:108,0
DA:109,0
DA:110,0
DA:111,0
DA:112,0
DA:113,0
DA:114,0
DA:115,0
DA:116,0
DA:117,0
DA:118,0
DA:119,0
DA:120,0
DA:121,0
DA:122,0
DA:123,0
DA:124,0
DA:125,0
DA:126,0
DA:127,0
DA:128,0
DA:129,0
DA:130,0
DA:131,0
DA:132,0
DA:133,0
DA:134,0
DA:135,0
DA:136,0
DA:137,0
DA:138,0
DA:139,0
DA:140,0
DA:141,0
DA:142,0
DA:143,0
DA:144,0
DA:145,0
DA:146,0
DA:147,0
DA:148,0
DA:149,0
DA:150,0
DA:151,0
DA:152,0
DA:153,0
DA:154,0
DA:155,0
DA:156,0
DA:157,0
DA:158,0
DA:159,0
DA:160,0
DA:161,0
DA:162,0
DA:163,0
DA:164,0
DA:165,0
DA:166,0
DA:167,0
DA:168,0
DA:169,0
DA:170,0
DA:171,0
LF:171
LH:0
BRDA:1,0,0,0
BRF:1
BRH:0
end_of_record
TN:
SF:src\components\Navbar.jsx
FN:8,Navbar
FN:15,handleScroll
FN:23,handleLogout
FN:43,onClick
FN:83,onClick
FN:91,onMouseEnter
FN:92,onMouseLeave
FNF:7
FNH:4
FNDA:199,Navbar
FNDA:0,handleScroll
FNDA:2,handleLogout
FNDA:2,onClick
FNDA:1,onClick
FNDA:0,onMouseEnter
FNDA:0,onMouseLeave
DA:1,1
DA:2,1
DA:3,1
DA:4,1
DA:5,1
DA:6,1
DA:7,1
DA:8,199
DA:9,199
DA:10,199
DA:11,199
DA:12,199
DA:13,199
DA:14,199
DA:15,51
DA:16,0
DA:17,0
DA:18,51
DA:19,51
DA:20,51
DA:21,199
DA:22,199
DA:23,199
DA:24,2
DA:25,2
DA:26,2
DA:27,199
DA:28,199
DA:29,199
DA:30,199
DA:31,199
DA:32,199
DA:33,199
DA:34,199
DA:35,199
DA:36,199
DA:37,199
DA:38,199
DA:39,199
DA:40,199
DA:41,199
DA:42,199
DA:43,199
DA:44,199
DA:45,199
DA:46,199
DA:47,199
DA:48,199
DA:49,199
DA:50,199
DA:51,199
DA:52,199
DA:53,199
DA:54,5
DA:55,5
DA:56,5
DA:57,199
DA:58,199
DA:59,199
DA:60,194
DA:61,194
DA:62,1
DA:63,1
DA:64,1
DA:65,1
DA:66,1
DA:67,1
DA:68,1
DA:69,1
DA:70,194
DA:71,194
DA:72,194
DA:73,194
DA:74,65
DA:75,65
DA:76,65
DA:77,65
DA:78,65
DA:79,65
DA:80,194
DA:81,194
DA:82,194
DA:83,194
DA:84,194
DA:85,194
DA:86,194
DA:87,194
DA:88,194
DA:89,194
DA:90,194
DA:91,194
DA:92,194
DA:93,194
DA:94,194
DA:95,194
DA:96,194
DA:97,194
DA:98,194
DA:99,194
DA:100,194
DA:101,199
DA:102,199
DA:103,199
DA:104,199
DA:105,199
LF:105
LH:103
BRDA:8,0,0,199
BRDA:35,1,0,0
BRDA:36,2,0,0
BRDA:50,3,0,166
BRDA:50,4,0,33
BRDA:53,5,0,5
BRDA:59,6,0,194
BRDA:61,7,0,1
BRDA:73,8,0,65
BRDA:75,9,0,43
BRDA:75,10,0,22
BRDA:14,11,0,51
BRDA:20,12,0,51
BRDA:23,13,0,2
BRDA:25,14,0,1
BRDA:25,15,0,1
BRDA:25,16,0,1
BRDA:43,17,0,2
BRDA:43,18,0,1
BRDA:43,19,0,1
BRDA:43,20,0,1
BRDA:83,21,0,1
BRF:22
BRH:20
end_of_record
TN:
SF:src\components\PlaceCard.jsx
FN:1,PlaceCard
FN:25,onError
FNF:2
FNH:2
FNDA:168,PlaceCard
FNDA:1,onError
DA:1,168
DA:2,168
DA:3,168
DA:4,168
DA:5,168
DA:6,168
DA:7,168
DA:8,168
DA:9,168
DA:10,168
DA:11,168
DA:12,168
DA:13,168
DA:14,168
DA:15,168
DA:16,168
DA:17,168
DA:18,168
DA:19,168
DA:20,168
DA:21,168
DA:22,168
DA:23,168
DA:24,168
DA:25,168
DA:26,168
DA:27,168
DA:28,168
DA:29,168
DA:30,168
DA:31,168
DA:32,168
DA:33,168
DA:34,168
DA:35,168
DA:36,166
DA:37,166
DA:38,166
DA:39,166
DA:40,166
DA:41,166
DA:42,166
DA:43,166
DA:44,166
DA:45,166
DA:46,168
DA:47,168
DA:48,168
DA:49,168
DA:50,168
DA:51,168
DA:52,168
DA:53,168
DA:54,168
DA:55,168
DA:56,168
DA:57,168
DA:58,168
DA:59,160
DA:60,160
DA:61,160
DA:62,160
DA:63,160
DA:64,160
DA:65,160
DA:66,160
DA:67,168
DA:68,168
DA:69,168
DA:70,159
DA:71,159
DA:72,159
DA:73,159
DA:74,159
DA:75,159
DA:76,159
DA:77,159
DA:78,159
DA:79,168
DA:80,168
DA:81,168
DA:82,168
DA:83,168
DA:84,168
DA:85,168
DA:86,166
DA:87,2
DA:88,168
DA:89,168
DA:90,168
DA:91,168
LF:91
LH:91
BRDA:1,0,0,168
BRDA:3,1,0,166
BRDA:3,2,0,5
BRDA:21,3,0,166
BRDA:35,4,0,166
BRDA:44,5,0,9
BRDA:58,6,0,160
BRDA:69,7,0,159
BRDA:85,8,0,166
BRDA:86,9,0,2
BRDA:25,10,0,1
BRF:11
BRH:11
end_of_record
TN:
SF:src\components\SunsetHero.jsx
FN:14,SunsetHero
FNF:1
FNH:1
FNDA:6,SunsetHero
DA:1,1
DA:2,1
DA:3,1
DA:4,1
DA:5,1
DA:6,1
DA:7,1
DA:8,1
DA:9,1
DA:10,1
DA:11,1
DA:12,1
DA:13,1
DA:14,6
DA:15,6
DA:16,6
DA:17,6
DA:18,6
DA:19,6
DA:20,6
DA:21,6
DA:22,120
DA:23,120
DA:24,120
DA:25,120
DA:26,120
DA:27,120
DA:28,120
DA:29,240
DA:30,240
DA:31,240
DA:32,240
DA:33,120
DA:34,120
DA:35,120
DA:36,6
DA:37,6
DA:38,6
DA:39,6
DA:40,6
DA:41,6
DA:42,6
DA:43,6
DA:44,6
DA:45,6
DA:46,6
DA:47,6
DA:48,6
DA:49,6
DA:50,6
DA:51,6
DA:52,6
DA:53,6
DA:54,6
DA:55,6
DA:56,6
LF:56
LH:56
BRDA:14,0,0,6
BRDA:50,1,0,5
BRDA:50,2,0,3
BRDA:51,3,0,5
BRDA:51,4,0,1
BRDA:52,5,0,5
BRDA:52,6,0,1
BRDA:17,7,0,6
BRDA:19,8,0,0
BRDA:21,9,0,120
BRDA:28,10,0,240
BRDA:46,11,0,36
BRF:12
BRH:11
end_of_record
TN:
SF:src\components\TourismChatbot.jsx
FN:4,TourismChatbot
FN:24,generateResponse
FN:76,sendMessage
FN:92,handleKey
FN:125,onClick
FN:172,onClick
FN:236,onClick
FN:262,onChange
FNF:8
FNH:8
FNDA:171,TourismChatbot
FNDA:7,generateResponse
FNDA:7,sendMessage
FNDA:1,handleKey
FNDA:16,onClick
FNDA:1,onClick
FNDA:1,onClick
FNDA:8,onChange
DA:1,1
DA:2,1
DA:3,1
DA:4,171
DA:5,171
DA:6,171
DA:7,171
DA:8,171
DA:9,171
DA:10,171
DA:11,171
DA:12,171
DA:13,171
DA:14,171
DA:15,171
DA:16,171
DA:17,42
DA:18,171
DA:19,171
DA:20,171
DA:21,49
DA:22,171
DA:23,171
DA:24,171
DA:25,7
DA:26,7
DA:27,7
DA:28,1
DA:29,1
DA:30,1
DA:31,7
DA:32,1
DA:33,1
DA:34,1
DA:35,7
DA:36,1
DA:37,1
DA:38,1
DA:39,7
DA:40,0
DA:41,0
DA:42,0
DA:43,7
DA:44,0
DA:45,0
DA:46,0
DA:47,7
DA:48,0
DA:49,0
DA:50,0
DA:51,7
DA:52,0
DA:53,0
DA:54,0
DA:55,7
DA:56,0
DA:57,0
DA:58,0
DA:59,7
DA:60,2
DA:61,2
DA:62,7
DA:63,1
DA:64,1
DA:65,7
DA:66,0
DA:67,0
DA:68,7
DA:69,0
DA:70,0
DA:71,1
DA:72,7
DA:73,7
DA:74,7
DA:75,171
DA:76,171
DA:77,7
DA:78,7
DA:79,7
DA:80,7
DA:81,7
DA:82,7
DA:83,7
DA:84,7
DA:85,7
DA:86,7
DA:87,7
DA:88,7
DA:89,7
DA:90,7
DA:91,171
DA:92,171
DA:93,1
DA:94,1
DA:95,1
DA:96,1
DA:97,1
DA:98,171
DA:99,171
DA:100,171
DA:101,171
DA:102,171
DA:103,171
DA:104,171
DA:105,171
DA:106,171
DA:107,171
DA:108,171
DA:109,171
DA:110,171
DA:111,171
DA:112,171
DA:113,171
DA:114,171
DA:115,171
DA:116,171
DA:117,171
DA:118,171
DA:119,171
DA:120,171
DA:121,171
DA:122,171
DA:123,171
DA:124,171
DA:125,171
DA:126,171
DA:127,171
DA:128,171
DA:129,171
DA:130,171
DA:131,171
DA:132,171
DA:133,171
DA:134,171
DA:135,171
DA:136,171
DA:137,171
DA:138,171
DA:139,171
DA:140,171
DA:141,171
DA:142,33
DA:143,33
DA:144,33
DA:145,33
DA:146,33
DA:147,33
DA:148,33
DA:149,33
DA:150,33
DA:151,33
DA:152,33
DA:153,33
DA:154,33
DA:155,33
DA:156,33
DA:157,33
DA:158,33
DA:159,33
DA:160,33
DA:161,33
DA:162,33
DA:163,33
DA:164,33
DA:165,33
DA:166,33
DA:167,33
DA:168,33
DA:169,33
DA:170,33
DA:171,33
DA:172,33
DA:173,33
DA:174,33
DA:175,33
DA:176,33
DA:177,33
DA:178,33
DA:179,33
DA:180,33
DA:181,33
DA:182,33
DA:183,33
DA:184,33
DA:185,33
DA:186,33
DA:187,33
DA:188,33
DA:189,33
DA:190,48
DA:191,48
DA:192,48
DA:193,48
DA:194,40
DA:195,40
DA:196,40
DA:197,40
DA:198,40
DA:199,40
DA:200,48
DA:201,48
DA:202,48
DA:203,48
DA:204,48
DA:205,48
DA:206,48
DA:207,48
DA:208,48
DA:209,48
DA:210,48
DA:211,48
DA:212,48
DA:213,33
DA:214,33
DA:215,33
DA:216,1
DA:217,1
DA:218,1
DA:219,1
DA:220,1
DA:221,1
DA:222,1
DA:223,1
DA:224,1
DA:225,1
DA:226,1
DA:227,1
DA:228,1
DA:229,33
DA:230,33
DA:231,33
DA:232,25
DA:233,25
DA:234,25
DA:235,75
DA:236,75
DA:237,75
DA:238,75
DA:239,75
DA:240,75
DA:241,75
DA:242,75
DA:243,75
DA:244,75
DA:245,25
DA:246,25
DA:247,33
DA:248,33
DA:249,33
DA:250,33
DA:251,33
DA:252,33
DA:253,33
DA:254,33
DA:255,33
DA:256,33
DA:257,33
DA:258,33
DA:259,33
DA:260,33
DA:261,33
DA:262,33
DA:263,33
DA:264,33
DA:265,33
DA:266,33
DA:267,33
DA:268,33
DA:269,33
DA:270,33
DA:271,33
DA:272,33
DA:273,33
DA:274,33
DA:275,33
DA:276,33
DA:277,33
DA:278,33
DA:279,33
DA:280,33
DA:281,33
DA:282,33
DA:283,33
DA:284,33
DA:285,33
DA:286,33
DA:287,33
DA:288,33
DA:289,171
DA:290,171
DA:291,171
DA:292,171
LF:292
LH:273
BRDA:4,0,0,171
BRDA:137,1,0,33
BRDA:137,2,0,138
BRDA:141,3,0,33
BRDA:165,4,0,32
BRDA:165,5,0,1
BRDA:215,6,0,1
BRDA:231,7,0,25
BRDA:231,8,0,25
BRDA:276,9,0,8
BRDA:16,10,0,42
BRDA:17,11,0,9
BRDA:20,12,0,49
BRDA:21,13,0,15
BRDA:21,14,0,7
BRDA:24,15,0,7
BRDA:27,16,0,6
BRDA:27,17,0,6
BRDA:27,18,0,6
BRDA:27,19,0,1
BRDA:30,20,0,6
BRDA:31,21,0,5
BRDA:31,22,0,5
BRDA:31,23,0,5
BRDA:31,24,0,5
BRDA:31,25,0,1
BRDA:34,26,0,5
BRDA:35,27,0,5
BRDA:35,28,0,4
BRDA:35,29,0,4
BRDA:35,30,0,1
BRDA:38,31,0,4
BRDA:39,32,0,4
BRDA:39,33,0,4
BRDA:39,34,0,0
BRDA:42,35,0,4
BRDA:43,36,0,4
BRDA:43,37,0,4
BRDA:43,38,0,4
BRDA:43,39,0,0
BRDA:46,40,0,4
BRDA:47,41,0,4
BRDA:47,42,0,4
BRDA:47,43,0,0
BRDA:50,44,0,4
BRDA:51,45,0,4
BRDA:51,46,0,4
BRDA:51,47,0,0
BRDA:54,48,0,4
BRDA:55,49,0,4
BRDA:55,50,0,4
BRDA:55,51,0,4
BRDA:55,52,0,0
BRDA:58,53,0,4
BRDA:59,54,0,2
BRDA:59,55,0,2
BRDA:59,56,0,2
BRDA:62,57,0,1
BRDA:65,58,0,1
BRDA:65,59,0,0
BRDA:67,60,0,1
BRDA:68,61,0,1
BRDA:68,62,0,1
BRDA:68,63,0,0
BRDA:70,64,0,1
BRDA:73,65,0,1
BRDA:73,66,0,1
BRDA:73,67,0,0
BRDA:73,68,0,0
BRDA:28,69,0,5
BRDA:29,70,0,2
BRDA:32,71,0,5
BRDA:32,72,0,4
BRDA:33,73,0,1
BRDA:36,74,0,5
BRDA:37,75,0,1
BRDA:72,76,0,3
BRDA:76,77,0,7
BRDA:78,78,0,0
BRDA:81,79,0,7
BRDA:85,80,0,7
BRDA:88,81,0,7
BRDA:92,82,0,1
BRDA:125,83,0,16
BRDA:125,84,0,16
BRDA:172,85,0,1
BRDA:189,86,0,48
BRDA:191,87,0,8
BRDA:191,88,0,40
BRDA:193,89,0,40
BRDA:202,90,0,8
BRDA:203,91,0,40
BRDA:204,92,0,8
BRDA:205,93,0,40
BRDA:206,94,0,8
BRDA:206,95,0,40
BRDA:234,96,0,75
BRDA:236,97,0,1
BRDA:262,98,0,8
BRF:99
BRH:89
end_of_record
TN:
SF:src\components\TravelTransition.jsx
FN:16,TravelTransition
FNF:1
FNH:1
FNDA:7,TravelTransition
DA:1,1
DA:2,1
DA:3,1
DA:4,1
DA:5,1
DA:6,1
DA:7,1
DA:8,1
DA:9,1
DA:10,1
DA:11,1
DA:12,1
DA:13,1
DA:14,1
DA:15,1
DA:16,7
DA:17,7
DA:18,7
DA:19,7
DA:20,7
DA:21,7
DA:22,7
DA:23,7
DA:24,7
DA:25,7
DA:26,7
DA:27,7
DA:28,7
DA:29,7
DA:30,7
DA:31,7
DA:32,7
DA:33,7
DA:34,7
DA:35,7
DA:36,7
DA:37,7
DA:38,7
DA:39,7
DA:40,7
DA:41,7
DA:42,7
DA:43,7
DA:44,7
DA:45,7
DA:46,7
DA:47,7
DA:48,7
DA:49,7
DA:50,7
DA:51,7
DA:52,7
DA:53,7
DA:54,7
DA:55,7
DA:56,7
DA:57,7
DA:58,7
DA:59,7
DA:60,7
DA:61,7
DA:62,7
DA:63,7
DA:64,7
DA:65,7
DA:66,7
DA:67,7
DA:68,7
DA:69,7
DA:70,7
DA:71,7
DA:72,7
DA:73,7
DA:74,7
DA:75,7
DA:76,7
DA:77,7
DA:78,7
DA:79,7
DA:80,7
DA:81,7
DA:82,7
DA:83,7
DA:84,7
DA:85,7
DA:86,7
DA:87,7
DA:88,7
DA:89,7
DA:90,7
DA:91,7
DA:92,7
DA:93,7
DA:94,7
DA:95,7
DA:96,7
DA:97,7
DA:98,7
DA:99,7
DA:100,7
DA:101,7
DA:102,7
DA:103,7
DA:104,7
DA:105,7
DA:106,7
DA:107,7
DA:108,7
DA:109,35
DA:110,35
DA:111,35
DA:112,35
DA:113,35
DA:114,35
DA:115,35
DA:116,35
DA:117,35
DA:118,35
DA:119,35
DA:120,35
DA:121,35
DA:122,35
DA:123,7
DA:124,7
DA:125,7
DA:126,7
DA:127,7
DA:128,7
DA:129,7
DA:130,7
DA:131,7
DA:132,7
DA:133,7
DA:134,7
DA:135,7
DA:136,7
DA:137,7
DA:138,7
DA:139,7
DA:140,7
DA:141,7
DA:142,7
DA:143,7
DA:144,7
DA:145,7
DA:146,7
DA:147,7
DA:148,7
DA:149,7
DA:150,7
DA:151,7
DA:152,7
DA:153,7
DA:154,7
DA:155,7
DA:156,7
DA:157,7
DA:158,7
DA:159,7
DA:160,7
DA:161,7
DA:162,7
DA:163,7
DA:164,7
DA:165,7
DA:166,7
DA:167,7
DA:168,7
DA:169,7
DA:170,7
DA:171,7
DA:172,7
DA:173,7
DA:174,7
DA:175,7
DA:176,7
DA:177,7
DA:178,7
DA:179,7
DA:180,7
DA:181,7
DA:182,7
DA:183,7
DA:184,7
DA:185,7
DA:186,7
DA:187,21
DA:188,21
DA:189,21
DA:190,21
DA:191,21
DA:192,7
DA:193,7
DA:194,7
DA:195,7
DA:196,7
DA:197,7
LF:197
LH:197
BRDA:16,0,0,7
BRDA:19,1,0,7
BRDA:21,2,0,7
BRDA:108,3,0,35
BRDA:186,4,0,21
BRF:5
BRH:5
end_of_record
TN:
SF:src\context\AuthContext.jsx
FN:5,isTokenExpired
FN:14,AuthProvider
FN:39,login
FN:46,logout
FN:60,isAuthenticated
FN:69,useAuth
FNF:6
FNH:6
FNDA:5,isTokenExpired
FNDA:13,AuthProvider
FNDA:2,login
FNDA:1,logout
FNDA:13,isAuthenticated
FNDA:18,useAuth
DA:1,1
DA:2,1
DA:3,1
DA:4,1
DA:5,5
DA:6,5
DA:7,5
DA:8,5
DA:9,5
DA:10,0
DA:11,0
DA:12,5
DA:13,1
DA:14,1
DA:15,13
DA:16,13
DA:17,13
DA:18,13
DA:19,13
DA:20,5
DA:21,5
DA:22,5
DA:23,5
DA:24,5
DA:25,1
DA:26,1
DA:27,5
DA:28,4
DA:29,4
DA:30,4
DA:31,5
DA:32,5
DA:33,5
DA:34,5
DA:35,5
DA:36,5
DA:37,13
DA:38,13
DA:39,13
DA:40,2
DA:41,2
DA:42,2
DA:43,2
DA:44,2
DA:45,13
DA:46,13
DA:47,1
DA:48,1
DA:49,1
DA:50,1
DA:51,1
DA:52,1
DA:53,0
DA:54,0
DA:55,0
DA:56,0
DA:57,0
DA:58,1
DA:59,13
DA:60,13
DA:61,13
DA:62,13
DA:63,13
DA:64,13
DA:65,13
DA:66,13
DA:67,13
DA:68,1
DA:69,1
DA:70,18
DA:71,18
DA:72,13
DA:73,13
LF:73
LH:66
BRDA:5,0,0,5
BRDA:9,1,0,0
BRDA:14,2,0,13
BRDA:19,3,0,5
BRDA:24,4,0,2
BRDA:24,5,0,2
BRDA:24,6,0,1
BRDA:27,7,0,4
BRDA:39,8,0,2
BRDA:46,9,0,1
BRDA:47,10,0,0
BRDA:52,11,0,0
BRDA:60,12,0,13
BRDA:60,13,0,3
BRDA:60,14,0,3
BRDA:69,15,0,18
BRDA:71,16,0,4
BRDA:71,17,0,13
BRF:18
BRH:15
end_of_record
TN:
SF:src\pages\AdminPlacesPage.jsx
FN:25,CoordPicker
FN:32,loadLeaflet
FN:134,onChange
FN:143,onChange
FN:152,Toast
FN:172,CategoryBadge
FN:188,AdminPlacesPage
FN:202,showToast
FN:212,loadPlaces
FN:216,handleChange
FN:218,handleSubmit
FN:253,handleDelete
FN:266,handleEdit
FN:280,handleCancel
FN:321,onClick
FN:415,onError
FN:425,onChange
FN:481,onError
FN:518,onClick
FN:526,onClick
FNF:20
FNH:14
FNDA:64,CoordPicker
FNDA:0,loadLeaflet
FNDA:0,onChange
FNDA:0,onChange
FNDA:64,Toast
FNDA:86,CategoryBadge
FNDA:68,AdminPlacesPage
FNDA:8,showToast
FNDA:24,loadPlaces
FNDA:9,handleChange
FNDA:5,handleSubmit
FNDA:3,handleDelete
FNDA:3,handleEdit
FNDA:1,handleCancel
FNDA:1,onClick
FNDA:0,onError
FNDA:0,onChange
FNDA:0,onError
FNDA:3,onClick
FNDA:3,onClick
DA:1,1
DA:2,1
DA:3,1
DA:4,1
DA:5,1
DA:6,1
DA:7,1
DA:8,1
DA:9,1
DA:10,1
DA:11,1
DA:12,1
DA:13,1
DA:14,1
DA:15,1
DA:16,1
DA:17,1
DA:18,1
DA:19,1
DA:20,1
DA:21,1
DA:22,1
DA:23,1
DA:24,1
DA:25,64
DA:26,64
DA:27,64
DA:28,64
DA:29,64
DA:30,64
DA:31,64
DA:32,20
DA:33,0
DA:34,0
DA:35,0
DA:36,0
DA:37,0
DA:38,0
DA:39,0
DA:40,0
DA:41,0
DA:42,0
DA:43,0
DA:44,0
DA:45,0
DA:46,0
DA:47,0
DA:48,0
DA:49,0
DA:50,0
DA:51,0
DA:52,0
DA:53,0
DA:54,0
DA:55,0
DA:56,0
DA:57,0
DA:58,0
DA:59,0
DA:60,0
DA:61,0
DA:62,0
DA:63,0
DA:64,0
DA:65,0
DA:66,0
DA:67,0
DA:68,20
DA:69,20
DA:70,1
DA:71,1
DA:72,1
DA:73,1
DA:74,1
DA:75,20
DA:76,20
DA:77,0
DA:78,20
DA:79,20
DA:80,20
DA:81,19
DA:82,20
DA:83,1
DA:84,1
DA:85,1
DA:86,1
DA:87,1
DA:88,20
DA:89,20
DA:90,20
DA:91,20
DA:92,0
DA:93,0
DA:94,0
DA:95,0
DA:96,20
DA:97,64
DA:98,64
DA:99,64
DA:100,64
DA:101,25
DA:102,25
DA:103,25
DA:104,0
DA:105,0
DA:106,25
DA:107,0
DA:108,0
DA:109,0
DA:110,0
DA:111,0
DA:112,0
DA:113,0
DA:114,0
DA:115,0
DA:116,0
DA:117,64
DA:118,64
DA:119,64
DA:120,64
DA:121,64
DA:122,64
DA:123,64
DA:124,64
DA:125,64
DA:126,64
DA:127,64
DA:128,64
DA:129,64
DA:130,64
DA:131,64
DA:132,64
DA:133,64
DA:134,64
DA:135,64
DA:136,64
DA:137,64
DA:138,64
DA:139,64
DA:140,64
DA:141,64
DA:142,64
DA:143,64
DA:144,64
DA:145,64
DA:146,64
DA:147,64
DA:148,64
DA:149,64
DA:150,64
DA:151,1
DA:152,64
DA:153,64
DA:154,8
DA:155,8
DA:156,8
DA:157,8
DA:158,64
DA:159,64
DA:160,64
DA:161,64
DA:162,64
DA:163,64
DA:164,64
DA:165,64
DA:166,64
DA:167,64
DA:168,64
DA:169,64
DA:170,64
DA:171,1
DA:172,86
DA:173,86
DA:174,86
DA:175,86
DA:176,86
DA:177,86
DA:178,86
DA:179,86
DA:180,86
DA:181,86
DA:182,86
DA:183,86
DA:184,86
DA:185,86
DA:186,86
DA:187,1
DA:188,68
DA:189,68
DA:190,68
DA:191,68
DA:192,68
DA:193,68
DA:194,68
DA:195,68
DA:196,68
DA:197,68
DA:198,68
DA:199,68
DA:200,68
DA:201,68
DA:202,68
DA:203,8
DA:204,8
DA:205,8
DA:206,68
DA:207,68
DA:208,20
DA:209,20
DA:210,68
DA:211,68
DA:212,68
DA:213,24
DA:214,24
DA:215,68
DA:216,68
DA:217,68
DA:218,68
DA:219,5
DA:220,5
DA:221,0
DA:222,0
DA:223,0
DA:224,5
DA:225,5
DA:226,5
DA:227,5
DA:228,5
DA:229,5
DA:230,5
DA:231,1
DA:232,1
DA:233,5
DA:234,4
DA:235,1
DA:236,1
DA:237,2
DA:238,2
DA:239,2
DA:240,5
DA:241,3
DA:242,3
DA:243,3
DA:244,1
DA:245,3
DA:246,1
DA:247,1
DA:248,1
DA:249,1
DA:250,3
DA:251,5
DA:252,68
DA:253,68
DA:254,3
DA:255,3
DA:256,3
DA:257,2
DA:258,2
DA:259,3
DA:260,1
DA:261,3
DA:262,3
DA:263,3
DA:264,3
DA:265,68
DA:266,68
DA:267,3
DA:268,3
DA:269,3
DA:270,3
DA:271,3
DA:272,3
DA:273,3
DA:274,3
DA:275,3
DA:276,3
DA:277,3
DA:278,3
DA:279,68
DA:280,68
DA:281,1
DA:282,1
DA:283,1
DA:284,68
DA:285,68
DA:286,68
DA:287,68
DA:288,68
DA:289,68
DA:290,68
DA:291,68
DA:292,68
DA:293,68
DA:294,68
DA:295,68
DA:296,68
DA:297,68
DA:298,68
DA:299,68
DA:300,68
DA:301,68
DA:302,68
DA:303,68
DA:304,68
DA:305,68
DA:306,68
DA:307,68
DA:308,68
DA:309,68
DA:310,68
DA:311,68
DA:312,68
DA:313,68
DA:314,68
DA:315,68
DA:316,68
DA:317,68
DA:318,68
DA:319,68
DA:320,68
DA:321,68
DA:322,68
DA:323,68
DA:324,68
DA:325,68
DA:326,68
DA:327,68
DA:328,68
DA:329,68
DA:330,68
DA:331,68
DA:332,68
DA:333,68
DA:334,68
DA:335,68
DA:336,68
DA:337,68
DA:338,68
DA:339,68
DA:340,68
DA:341,68
DA:342,68
DA:343,68
DA:344,68
DA:345,68
DA:346,68
DA:347,68
DA:348,68
DA:349,68
DA:350,68
DA:351,68
DA:352,68
DA:353,68
DA:354,68
DA:355,68
DA:356,68
DA:357,68
DA:358,68
DA:359,68
DA:360,68
DA:361,68
DA:362,68
DA:363,4
DA:364,63
DA:365,68
DA:366,68
DA:367,68
DA:368,68
DA:369,68
DA:370,68
DA:371,4
DA:372,4
DA:373,4
DA:374,68
DA:375,68
DA:376,68
DA:377,68
DA:378,68
DA:379,68
DA:380,68
DA:381,68
DA:382,68
DA:383,68
DA:384,68
DA:385,68
DA:386,68
DA:387,68
DA:388,68
DA:389,68
DA:390,68
DA:391,68
DA:392,68
DA:393,68
DA:394,68
DA:395,68
DA:396,603
DA:397,68
DA:398,68
DA:399,68
DA:400,68
DA:401,68
DA:402,68
DA:403,68
DA:404,68
DA:405,68
DA:406,68
DA:407,68
DA:408,68
DA:409,68
DA:410,68
DA:411,68
DA:412,1
DA:413,1
DA:414,1
DA:415,1
DA:416,1
DA:417,68
DA:418,68
DA:419,68
DA:420,68
DA:421,68
DA:422,68
DA:423,68
DA:424,68
DA:425,68
DA:426,68
DA:427,68
DA:428,68
DA:429,68
DA:430,68
DA:431,68
DA:432,68
DA:433,68
DA:434,68
DA:435,68
DA:436,68
DA:437,68
DA:438,68
DA:439,68
DA:440,68
DA:441,4
DA:442,4
DA:443,4
DA:444,4
DA:445,4
DA:446,4
DA:447,4
DA:448,68
DA:449,68
DA:450,68
DA:451,68
DA:452,68
DA:453,68
DA:454,68
DA:455,68
DA:456,21
DA:457,21
DA:458,21
DA:459,21
DA:460,21
DA:461,21
DA:462,21
DA:463,21
DA:464,21
DA:465,21
DA:466,46
DA:467,46
DA:468,46
DA:469,92
DA:470,92
DA:471,92
DA:472,92
DA:473,92
DA:474,92
DA:475,92
DA:476,92
DA:477,92
DA:478,92
DA:479,46
DA:480,46
DA:481,46
DA:482,46
DA:483,46
DA:484,46
DA:485,46
DA:486,46
DA:487,46
DA:488,46
DA:489,46
DA:490,46
DA:491,92
DA:492,92
DA:493,92
DA:494,92
DA:495,92
DA:496,92
DA:497,92
DA:498,92
DA:499,92
DA:500,92
DA:501,92
DA:502,46
DA:503,46
DA:504,46
DA:505,92
DA:506,92
DA:507,46
DA:508,46
DA:509,46
DA:510,46
DA:511,46
DA:512,46
DA:513,46
DA:514,92
DA:515,92
DA:516,92
DA:517,92
DA:518,92
DA:519,92
DA:520,92
DA:521,92
DA:522,92
DA:523,92
DA:524,92
DA:525,92
DA:526,92
DA:527,92
DA:528,92
DA:529,92
DA:530,92
DA:531,92
DA:532,92
DA:533,92
DA:534,92
DA:535,92
DA:536,92
DA:537,92
DA:538,92
DA:539,92
DA:540,46
DA:541,46
DA:542,68
DA:543,68
DA:544,68
DA:545,68
DA:546,68
DA:547,68
DA:548,68
DA:549,68
LF:549
LH:494
BRDA:25,0,0,64
BRDA:31,1,0,20
BRDA:69,2,0,1
BRDA:76,3,0,0
BRDA:80,4,0,19
BRDA:82,5,0,1
BRDA:90,6,0,20
BRDA:91,7,0,0
BRDA:100,8,0,25
BRDA:103,9,0,0
BRDA:103,10,0,0
BRDA:106,11,0,0
BRDA:152,12,0,64
BRDA:153,13,0,56
BRDA:153,14,0,8
BRDA:158,15,0,4
BRDA:158,16,0,4
BRDA:166,17,0,4
BRDA:166,18,0,4
BRDA:172,19,0,86
BRDA:174,20,0,0
BRDA:188,21,0,68
BRDA:337,22,0,46
BRDA:337,23,0,21
BRDA:362,24,0,4
BRDA:363,25,0,63
BRDA:368,26,0,4
BRDA:368,27,0,63
BRDA:370,28,0,4
BRDA:411,29,0,1
BRDA:432,30,0,21
BRDA:432,31,0,46
BRDA:432,32,0,4
BRDA:432,33,0,42
BRDA:435,34,0,21
BRDA:435,35,0,46
BRDA:438,36,0,4
BRDA:438,37,0,63
BRDA:440,38,0,4
BRDA:455,39,0,21
BRDA:465,40,0,46
BRDA:202,41,0,8
BRDA:207,42,0,20
BRDA:212,43,0,24
BRDA:216,44,0,9
BRDA:218,45,0,5
BRDA:220,46,0,0
BRDA:227,47,0,1
BRDA:227,48,0,4
BRDA:228,49,0,1
BRDA:228,50,0,4
BRDA:230,51,0,1
BRDA:233,52,0,4
BRDA:234,53,0,1
BRDA:236,54,0,2
BRDA:240,55,0,3
BRDA:241,56,0,2
BRDA:241,57,0,1
BRDA:242,58,0,2
BRDA:243,59,0,1
BRDA:245,60,0,2
BRDA:245,61,0,1
BRDA:253,62,0,3
BRDA:256,63,0,2
BRDA:259,64,0,1
BRDA:266,65,0,3
BRDA:269,66,0,0
BRDA:270,67,0,0
BRDA:271,68,0,0
BRDA:272,69,0,0
BRDA:274,70,0,0
BRDA:275,71,0,0
BRDA:280,72,0,1
BRDA:321,73,0,1
BRDA:395,74,0,603
BRDA:468,75,0,92
BRDA:469,76,0,0
BRDA:478,77,0,46
BRDA:481,78,0,46
BRDA:501,79,0,46
BRDA:506,80,0,46
BRDA:529,81,0,3
BRDA:529,82,0,89
BRDA:531,83,0,3
BRDA:531,84,0,89
BRDA:534,85,0,3
BRDA:534,86,0,89
BRDA:518,87,0,3
BRDA:526,88,0,3
BRF:89
BRH:75
end_of_record
TN:
SF:src\pages\DestinationsPage.jsx
FN:27,HeroCarousel
FN:45,onError
FN:125,DestinationsPage
FN:131,handleLogout
FN:140,onComplete
FN:169,onClick
FN:175,onMouseEnter
FN:176,onMouseLeave
FN:187,onMouseEnter
FN:188,onMouseLeave
FN:212,onClick
FN:213,onMouseEnter
FN:217,onMouseLeave
FNF:13
FNH:6
FNDA:10,HeroCarousel
FNDA:0,onError
FNDA:12,DestinationsPage
FNDA:1,handleLogout
FNDA:1,onComplete
FNDA:1,onClick
FNDA:0,onMouseEnter
FNDA:0,onMouseLeave
FNDA:0,onMouseEnter
FNDA:0,onMouseLeave
FNDA:2,onClick
FNDA:0,onMouseEnter
FNDA:0,onMouseLeave
DA:1,1
DA:2,1
DA:3,1
DA:4,1
DA:5,1
DA:6,1
DA:7,1
DA:8,1
DA:9,1
DA:10,1
DA:11,1
DA:12,1
DA:13,1
DA:14,1
DA:15,1
DA:16,1
DA:17,1
DA:18,1
DA:19,1
DA:20,1
DA:21,1
DA:22,1
DA:23,1
DA:24,1
DA:25,1
DA:26,1
DA:27,10
DA:28,10
DA:29,10
DA:30,10
DA:31,10
DA:32,10
DA:33,0
DA:34,10
DA:35,10
DA:36,10
DA:37,10
DA:38,10
DA:39,10
DA:40,10
DA:41,150
DA:42,150
DA:43,150
DA:44,150
DA:45,150
DA:46,150
DA:47,150
DA:48,150
DA:49,150
DA:50,150
DA:51,150
DA:52,150
DA:53,10
DA:54,10
DA:55,10
DA:56,10
DA:57,10
DA:58,10
DA:59,10
DA:60,10
DA:61,10
DA:62,10
DA:63,10
DA:64,10
DA:65,10
DA:66,10
DA:67,10
DA:68,10
DA:69,10
DA:70,10
DA:71,10
DA:72,10
DA:73,10
DA:74,10
DA:75,10
DA:76,10
DA:77,10
DA:78,10
DA:79,10
DA:80,10
DA:81,1
DA:82,1
DA:83,1
DA:84,1
DA:85,1
DA:86,1
DA:87,1
DA:88,1
DA:89,1
DA:90,1
DA:91,1
DA:92,1
DA:93,1
DA:94,1
DA:95,1
DA:96,1
DA:97,1
DA:98,1
DA:99,1
DA:100,1
DA:101,1
DA:102,1
DA:103,1
DA:104,1
DA:105,1
DA:106,1
DA:107,1
DA:108,1
DA:109,1
DA:110,1
DA:111,1
DA:112,1
DA:113,1
DA:114,1
DA:115,1
DA:116,1
DA:117,1
DA:118,1
DA:119,1
DA:120,1
DA:121,1
DA:122,1
DA:123,1
DA:124,1
DA:125,12
DA:126,12
DA:127,12
DA:128,12
DA:129,12
DA:130,12
DA:131,12
DA:132,1
DA:133,1
DA:134,1
DA:135,12
DA:136,12
DA:137,2
DA:138,2
DA:139,2
DA:140,2
DA:141,2
DA:142,2
DA:143,2
DA:144,10
DA:145,10
DA:146,10
DA:147,10
DA:148,10
DA:149,10
DA:150,10
DA:151,10
DA:152,10
DA:153,10
DA:154,10
DA:155,10
DA:156,10
DA:157,10
DA:158,10
DA:159,10
DA:160,10
DA:161,1
DA:162,1
DA:163,12
DA:164,12
DA:165,10
DA:166,10
DA:167,12
DA:168,12
DA:169,2
DA:170,2
DA:171,2
DA:172,2
DA:173,2
DA:174,2
DA:175,2
DA:176,2
DA:177,2
DA:178,2
DA:179,2
DA:180,12
DA:181,12
DA:182,12
DA:183,12
DA:184,12
DA:185,12
DA:186,12
DA:187,12
DA:188,12
DA:189,12
DA:190,12
DA:191,12
DA:192,12
DA:193,12
DA:194,12
DA:195,12
DA:196,12
DA:197,12
DA:198,12
DA:199,12
DA:200,12
DA:201,12
DA:202,50
DA:203,50
DA:204,50
DA:205,50
DA:206,50
DA:207,50
DA:208,50
DA:209,50
DA:210,50
DA:211,50
DA:212,50
DA:213,50
DA:214,0
DA:215,0
DA:216,0
DA:217,50
DA:218,0
DA:219,0
DA:220,0
DA:221,50
DA:222,50
DA:223,50
DA:224,50
DA:225,50
DA:226,50
DA:227,50
DA:228,50
DA:229,50
DA:230,50
DA:231,50
DA:232,50
DA:233,50
DA:234,50
DA:235,50
DA:236,50
DA:237,50
DA:238,50
DA:239,50
DA:240,50
DA:241,50
DA:242,50
DA:243,50
DA:244,50
DA:245,50
DA:246,50
DA:247,50
DA:248,50
DA:249,50
DA:250,50
DA:251,50
DA:252,50
DA:253,50
DA:254,50
DA:255,50
DA:256,50
DA:257,12
DA:258,12
DA:259,12
DA:260,12
DA:261,12
DA:262,12
LF:262
LH:255
BRDA:27,0,0,10
BRDA:31,1,0,10
BRDA:35,2,0,10
BRDA:40,3,0,150
BRDA:49,4,0,10
BRDA:49,5,0,140
BRDA:125,6,0,12
BRDA:136,7,0,2
BRDA:143,8,0,10
BRDA:160,9,0,1
BRDA:164,10,0,10
BRDA:164,11,0,10
BRDA:168,12,0,10
BRDA:168,13,0,2
BRDA:131,14,0,1
BRDA:140,15,0,1
BRDA:169,16,0,1
BRDA:201,17,0,50
BRDA:212,18,0,2
BRF:19
BRH:19
end_of_record
TN:
SF:src\pages\ErrorPage.jsx
FN:4,ErrorPage
FN:18,onClick
FN:21,onClick
FNF:3
FNH:1
FNDA:3,ErrorPage
FNDA:0,onClick
FNDA:0,onClick
DA:1,1
DA:2,1
DA:3,1
DA:4,3
DA:5,3
DA:6,3
DA:7,3
DA:8,3
DA:9,3
DA:10,3
DA:11,3
DA:12,3
DA:13,3
DA:14,3
DA:15,3
DA:16,3
DA:17,3
DA:18,3
DA:19,3
DA:20,3
DA:21,3
DA:22,3
DA:23,3
DA:24,3
DA:25,3
DA:26,3
DA:27,3
DA:28,3
LF:28
LH:28
BRDA:4,0,0,3
BRF:1
BRH:1
end_of_record
TN:
SF:src\pages\LoginPage.jsx
FN:33,LoginPage
FN:57,handleGoogleResponse
FN:74,renderGoogleButton
FN:214,onClick
FN:223,onMouseEnter
FN:224,onMouseLeave
FNF:6
FNH:3
FNDA:16,LoginPage
FNDA:4,handleGoogleResponse
FNDA:9,renderGoogleButton
FNDA:0,onClick
FNDA:0,onMouseEnter
FNDA:0,onMouseLeave
DA:1,1
DA:2,1
DA:3,1
DA:4,1
DA:5,1
DA:6,1
DA:7,1
DA:8,1
DA:9,1
DA:10,1
DA:11,1
DA:12,1
DA:13,1
DA:14,1
DA:15,1
DA:16,1
DA:17,1
DA:18,1
DA:19,1
DA:20,1
DA:21,1
DA:22,1
DA:23,1
DA:24,1
DA:25,1
DA:26,1
DA:27,1
DA:28,1
DA:29,1
DA:30,4
DA:31,1
DA:32,1
DA:33,16
DA:34,16
DA:35,16
DA:36,16
DA:37,16
DA:38,16
DA:39,16
DA:40,16
DA:41,16
DA:42,16
DA:43,16
DA:44,16
DA:45,9
DA:46,2
DA:47,2
DA:48,16
DA:49,16
DA:50,16
DA:51,9
DA:52,4
DA:53,4
DA:54,4
DA:55,16
DA:56,16
DA:57,16
DA:58,4
DA:59,4
DA:60,4
DA:61,4
DA:62,2
DA:63,4
DA:64,4
DA:65,2
DA:66,2
DA:67,2
DA:68,2
DA:69,2
DA:70,4
DA:71,16
DA:72,16
DA:73,11
DA:74,9
DA:75,9
DA:76,9
DA:77,9
DA:78,9
DA:79,9
DA:80,9
DA:81,9
DA:82,9
DA:83,9
DA:84,9
DA:85,9
DA:86,9
DA:87,9
DA:88,9
DA:89,9
DA:90,9
DA:91,9
DA:92,9
DA:93,9
DA:94,11
DA:95,0
DA:96,0
DA:97,0
DA:98,0
DA:99,0
DA:100,16
DA:101,16
DA:102,16
DA:103,16
DA:104,16
DA:105,16
DA:106,16
DA:107,16
DA:108,16
DA:109,16
DA:110,16
DA:111,16
DA:112,16
DA:113,16
DA:114,16
DA:115,16
DA:116,16
DA:117,16
DA:118,16
DA:119,16
DA:120,16
DA:121,16
DA:122,16
DA:123,64
DA:124,64
DA:125,64
DA:126,64
DA:127,64
DA:128,64
DA:129,64
DA:130,64
DA:131,64
DA:132,64
DA:133,64
DA:134,64
DA:135,64
DA:136,768
DA:137,768
DA:138,768
DA:139,768
DA:140,768
DA:141,768
DA:142,64
DA:143,64
DA:144,16
DA:145,16
DA:146,16
DA:147,16
DA:148,16
DA:149,16
DA:150,16
DA:151,16
DA:152,16
DA:153,16
DA:154,16
DA:155,16
DA:156,16
DA:157,16
DA:158,16
DA:159,16
DA:160,16
DA:161,16
DA:162,16
DA:163,16
DA:164,16
DA:165,16
DA:166,16
DA:167,16
DA:168,16
DA:169,1
DA:170,1
DA:171,1
DA:172,16
DA:173,16
DA:174,16
DA:175,16
DA:176,16
DA:177,4
DA:178,12
DA:179,16
DA:180,16
DA:181,16
DA:182,2
DA:183,2
DA:184,2
DA:185,2
DA:186,2
DA:187,2
DA:188,2
DA:189,16
DA:190,16
DA:191,16
DA:192,2
DA:193,2
DA:194,2
DA:195,2
DA:196,2
DA:197,2
DA:198,2
DA:199,2
DA:200,14
DA:201,14
DA:202,14
DA:203,14
DA:204,16
DA:205,16
DA:206,16
DA:207,16
DA:208,16
DA:209,16
DA:210,16
DA:211,16
DA:212,16
DA:213,16
DA:214,16
DA:215,16
DA:216,16
DA:217,16
DA:218,16
DA:219,16
DA:220,16
DA:221,16
DA:222,16
DA:223,16
DA:224,16
DA:225,16
DA:226,16
DA:227,16
DA:228,16
DA:229,16
DA:230,16
DA:231,16
DA:232,16
DA:233,16
DA:234,16
DA:235,16
DA:236,16
DA:237,16
DA:238,16
DA:239,16
DA:240,16
DA:241,16
DA:242,16
DA:243,16
LF:243
LH:238
BRDA:29,0,0,4
BRDA:30,1,0,16
BRDA:33,2,0,16
BRDA:166,3,0,4
BRDA:166,4,0,12
BRDA:168,5,0,4
BRDA:168,6,0,1
BRDA:176,7,0,4
BRDA:177,8,0,12
BRDA:181,9,0,2
BRDA:191,10,0,2
BRDA:199,11,0,14
BRDA:44,12,0,9
BRDA:45,13,0,2
BRDA:46,14,0,1
BRDA:46,15,0,1
BRDA:50,16,0,9
BRDA:51,17,0,5
BRDA:51,18,0,4
BRDA:54,19,0,1
BRDA:57,20,0,4
BRDA:61,21,0,2
BRDA:63,22,0,1
BRDA:63,23,0,1
BRDA:64,24,0,2
BRDA:65,25,0,1
BRDA:65,26,0,1
BRDA:68,27,0,1
BRDA:72,28,0,11
BRDA:73,29,0,2
BRDA:73,30,0,9
BRDA:94,31,0,0
BRDA:74,32,0,9
BRDA:75,33,0,0
BRDA:76,34,0,0
BRDA:122,35,0,64
BRDA:125,36,0,32
BRDA:125,37,0,32
BRDA:131,38,0,32
BRDA:131,39,0,32
BRDA:135,40,0,768
BRF:41
BRH:38
end_of_record
TN:
SF:src\pages\PlacesPage.jsx
FN:24,MapModal
FN:29,initMap
FN:91,script.onload
FN:97,handler
FN:106,onClick
FN:138,QRModal
FN:143,buildQR
FN:161,script.onload
FN:166,handleDownload
FN:176,handler
FN:183,onClick
FN:249,SunsetHero
FN:350,onChange
FN:370,PlacesPage
FN:388,setSelectedCategory
FN:397,setSearchTerm
FN:406,setSortBy
FN:476,onShowMap
FN:477,onShowQR
FN:490,onClick
FN:507,onChange
FN:523,onClick
FN:550,onClose
FN:551,onClose
FNF:24
FNH:20
FNDA:2,MapModal
FNDA:2,initMap
FNDA:0,script.onload
FNDA:1,handler
FNDA:1,onClick
FNDA:2,QRModal
FNDA:1,buildQR
FNDA:0,script.onload
FNDA:0,handleDownload
FNDA:0,handler
FNDA:1,onClick
FNDA:120,SunsetHero
FNDA:37,onChange
FNDA:167,PlacesPage
FNDA:3,setSelectedCategory
FNDA:38,setSearchTerm
FNDA:2,setSortBy
FNDA:2,onShowMap
FNDA:1,onShowQR
FNDA:2,onClick
FNDA:2,onChange
FNDA:1,onClick
FNDA:2,onClose
FNDA:1,onClose
DA:1,1
DA:2,1
DA:3,1
DA:4,1
DA:5,1
DA:6,1
DA:7,1
DA:8,1
DA:9,1
DA:10,1
DA:11,1
DA:12,1
DA:13,1
DA:14,1
DA:15,1
DA:16,1
DA:17,1
DA:18,1
DA:19,1
DA:20,1
DA:21,1
DA:22,1
DA:23,1
DA:24,2
DA:25,2
DA:26,2
DA:27,2
DA:28,2
DA:29,2
DA:30,2
DA:31,2
DA:32,2
DA:33,2
DA:34,2
DA:35,2
DA:36,0
DA:37,2
DA:38,2
DA:39,0
DA:40,2
DA:41,2
DA:42,2
DA:43,2
DA:44,2
DA:45,2
DA:46,2
DA:47,2
DA:48,2
DA:49,4
DA:50,4
DA:51,4
DA:52,4
DA:53,4
DA:54,4
DA:55,4
DA:56,4
DA:57,4
DA:58,4
DA:59,4
DA:60,4
DA:61,4
DA:62,4
DA:63,4
DA:64,4
DA:65,4
DA:66,4
DA:67,4
DA:68,4
DA:69,4
DA:70,4
DA:71,2
DA:72,2
DA:73,2
DA:74,2
DA:75,2
DA:76,2
DA:77,2
DA:78,2
DA:79,2
DA:80,2
DA:81,1
DA:82,1
DA:83,1
DA:84,1
DA:85,1
DA:86,2
DA:87,2
DA:88,2
DA:89,0
DA:90,0
DA:91,0
DA:92,0
DA:93,0
DA:94,2
DA:95,2
DA:96,2
DA:97,2
DA:98,2
DA:99,2
DA:100,2
DA:101,2
DA:102,2
DA:103,2
DA:104,2
DA:105,2
DA:106,2
DA:107,2
DA:108,2
DA:109,2
DA:110,2
DA:111,2
DA:112,2
DA:113,2
DA:114,2
DA:115,2
DA:116,2
DA:117,2
DA:118,2
DA:119,2
DA:120,2
DA:121,2
DA:122,2
DA:123,6
DA:124,6
DA:125,6
DA:126,6
DA:127,6
DA:128,6
DA:129,2
DA:130,2
DA:131,2
DA:132,2
DA:133,2
DA:134,2
DA:135,2
DA:136,1
DA:137,1
DA:138,2
DA:139,2
DA:140,2
DA:141,2
DA:142,2
DA:143,2
DA:144,1
DA:145,1
DA:146,1
DA:147,1
DA:148,1
DA:149,1
DA:150,1
DA:151,1
DA:152,1
DA:153,1
DA:154,2
DA:155,2
DA:156,1
DA:157,1
DA:158,1
DA:159,0
DA:160,0
DA:161,0
DA:162,0
DA:163,0
DA:164,2
DA:165,2
DA:166,2
DA:167,0
DA:168,0
DA:169,0
DA:170,0
DA:171,0
DA:172,0
DA:173,0
DA:174,2
DA:175,2
DA:176,1
DA:177,1
DA:178,1
DA:179,2
DA:180,2
DA:181,2
DA:182,2
DA:183,2
DA:184,2
DA:185,2
DA:186,2
DA:187,2
DA:188,2
DA:189,2
DA:190,2
DA:191,2
DA:192,2
DA:193,2
DA:194,2
DA:195,2
DA:196,2
DA:197,2
DA:198,2
DA:199,2
DA:200,2
DA:201,2
DA:202,2
DA:203,2
DA:204,2
DA:205,2
DA:206,2
DA:207,2
DA:208,2
DA:209,2
DA:210,2
DA:211,2
DA:212,2
DA:213,2
DA:214,2
DA:215,2
DA:216,2
DA:217,2
DA:218,2
DA:219,2
DA:220,2
DA:221,2
DA:222,2
DA:223,2
DA:224,2
DA:225,2
DA:226,2
DA:227,2
DA:228,2
DA:229,2
DA:230,2
DA:231,2
DA:232,2
DA:233,2
DA:234,2
DA:235,2
DA:236,2
DA:237,2
DA:238,2
DA:239,1
DA:240,1
DA:241,1
DA:242,1
DA:243,1
DA:244,1
DA:245,1
DA:246,1
DA:247,1
DA:248,1
DA:249,120
DA:250,120
DA:251,120
DA:252,120
DA:253,120
DA:254,16
DA:255,16
DA:256,16
DA:257,16
DA:258,320
DA:259,320
DA:260,320
DA:261,320
DA:262,320
DA:263,320
DA:264,320
DA:265,320
DA:266,320
DA:267,320
DA:268,320
DA:269,320
DA:270,320
DA:271,320
DA:272,320
DA:273,16
DA:274,120
DA:275,120
DA:276,120
DA:277,120
DA:278,120
DA:279,120
DA:280,120
DA:281,120
DA:282,120
DA:283,120
DA:284,120
DA:285,120
DA:286,120
DA:287,120
DA:288,120
DA:289,120
DA:290,120
DA:291,120
DA:292,120
DA:293,120
DA:294,120
DA:295,120
DA:296,120
DA:297,120
DA:298,120
DA:299,120
DA:300,120
DA:301,120
DA:302,120
DA:303,120
DA:304,120
DA:305,120
DA:306,120
DA:307,120
DA:308,120
DA:309,120
DA:310,120
DA:311,120
DA:312,120
DA:313,120
DA:314,120
DA:315,120
DA:316,120
DA:317,120
DA:318,120
DA:319,120
DA:320,120
DA:321,120
DA:322,120
DA:323,120
DA:324,120
DA:325,120
DA:326,120
DA:327,120
DA:328,120
DA:329,120
DA:330,120
DA:331,120
DA:332,120
DA:333,120
DA:334,120
DA:335,120
DA:336,120
DA:337,120
DA:338,120
DA:339,120
DA:340,120
DA:341,120
DA:342,120
DA:343,120
DA:344,120
DA:345,120
DA:346,120
DA:347,120
DA:348,120
DA:349,120
DA:350,120
DA:351,120
DA:352,120
DA:353,120
DA:354,120
DA:355,120
DA:356,120
DA:357,120
DA:358,120
DA:359,240
DA:360,240
DA:361,240
DA:362,240
DA:363,120
DA:364,120
DA:365,120
DA:366,120
DA:367,120
DA:368,1
DA:369,1
DA:370,167
DA:371,167
DA:372,167
DA:373,167
DA:374,167
DA:375,167
DA:376,167
DA:377,167
DA:378,167
DA:379,167
DA:380,167
DA:381,167
DA:382,167
DA:383,167
DA:384,167
DA:385,167
DA:386,167
DA:387,167
DA:388,167
DA:389,3
DA:390,3
DA:391,3
DA:392,1
DA:393,3
DA:394,3
DA:395,3
DA:396,167
DA:397,167
DA:398,38
DA:399,38
DA:400,38
DA:401,2
DA:402,38
DA:403,38
DA:404,38
DA:405,167
DA:406,167
DA:407,2
DA:408,2
DA:409,2
DA:410,2
DA:411,2
DA:412,2
DA:413,2
DA:414,167
DA:415,167
DA:416,17
DA:417,17
DA:418,16
DA:419,16
DA:420,16
DA:421,17
DA:422,17
DA:423,17
DA:424,167
DA:425,167
DA:426,167
DA:427,75
DA:428,75
DA:429,75
DA:430,39
DA:431,39
DA:432,112
DA:433,105
DA:434,39
DA:435,39
DA:436,75
DA:437,41
DA:438,41
DA:439,34
DA:440,75
DA:441,75
DA:442,167
DA:443,167
DA:444,167
DA:445,167
DA:446,167
DA:447,46
DA:448,46
DA:449,46
DA:450,46
DA:451,46
DA:452,46
DA:453,46
DA:454,46
DA:455,46
DA:456,46
DA:457,121
DA:458,121
DA:459,121
DA:460,121
DA:461,121
DA:462,121
DA:463,121
DA:464,121
DA:465,121
DA:466,121
DA:467,121
DA:468,121
DA:469,121
DA:470,121
DA:471,120
DA:472,120
DA:473,120
DA:474,120
DA:475,120
DA:476,120
DA:477,120
DA:478,120
DA:479,167
DA:480,167
DA:481,167
DA:482,167
DA:483,167
DA:484,167
DA:485,481
DA:486,121
DA:487,360
DA:488,481
DA:489,481
DA:490,481
DA:491,481
DA:492,481
DA:493,481
DA:494,481
DA:495,481
DA:496,481
DA:497,481
DA:498,121
DA:499,121
DA:500,121
DA:501,481
DA:502,481
DA:503,481
DA:504,167
DA:505,167
DA:506,167
DA:507,167
DA:508,167
DA:509,167
DA:510,167
DA:511,167
DA:512,167
DA:513,167
DA:514,167
DA:515,167
DA:516,167
DA:517,167
DA:518,167
DA:519,59
DA:520,59
DA:521,59
DA:522,59
DA:523,59
DA:524,59
DA:525,59
DA:526,59
DA:527,59
DA:528,62
DA:529,62
DA:530,62
DA:531,62
DA:532,5
DA:533,57
DA:534,62
DA:535,62
DA:536,62
DA:537,156
DA:538,156
DA:539,156
DA:540,156
DA:541,156
DA:542,156
DA:543,156
DA:544,62
DA:545,62
DA:546,62
DA:547,167
DA:548,167
DA:549,167
DA:550,167
DA:551,167
DA:552,167
DA:553,167
DA:554,167
DA:555,167
LF:555
LH:536
BRDA:24,0,0,2
BRDA:29,1,0,2
BRDA:31,2,0,0
BRDA:35,3,0,0
BRDA:38,4,0,0
BRDA:33,5,0,6
BRDA:33,6,0,4
BRDA:35,7,0,4
BRDA:38,8,0,4
BRDA:48,9,0,4
BRDA:49,10,0,0
BRDA:63,11,0,0
BRDA:68,12,0,0
BRDA:68,13,0,0
BRDA:69,14,0,0
BRDA:74,15,0,4
BRDA:79,16,0,2
BRDA:80,17,0,1
BRDA:88,18,0,0
BRDA:96,19,0,2
BRDA:97,20,0,1
BRDA:99,21,0,2
BRDA:102,22,0,6
BRDA:106,23,0,1
BRDA:106,24,0,0
BRDA:115,25,0,6
BRDA:115,26,0,4
BRDA:122,27,0,6
BRDA:123,28,0,0
BRDA:138,29,0,2
BRDA:207,30,0,0
BRDA:207,31,0,0
BRDA:212,32,0,1
BRDA:227,33,0,1
BRDA:227,34,0,1
BRDA:227,35,0,1
BRDA:227,36,0,1
BRDA:143,37,0,1
BRDA:144,38,0,0
BRDA:155,39,0,1
BRDA:158,40,0,0
BRDA:175,41,0,1
BRDA:178,42,0,1
BRDA:183,43,0,1
BRDA:183,44,0,0
BRDA:249,45,0,120
BRDA:253,46,0,16
BRDA:255,47,0,0
BRDA:257,48,0,320
BRDA:350,49,0,37
BRDA:357,50,0,360
BRDA:358,51,0,240
BRDA:370,52,0,167
BRDA:384,53,0,155
BRDA:385,54,0,88
BRDA:386,55,0,163
BRDA:446,56,0,46
BRDA:456,57,0,121
BRDA:470,58,0,120
BRDA:518,59,0,59
BRDA:527,60,0,62
BRDA:531,61,0,5
BRDA:532,62,0,0
BRDA:532,63,0,57
BRDA:550,64,0,2
BRDA:551,65,0,1
BRDA:388,66,0,3
BRDA:389,67,0,3
BRDA:391,68,0,2
BRDA:391,69,0,1
BRDA:397,70,0,38
BRDA:398,71,0,38
BRDA:400,72,0,36
BRDA:400,73,0,2
BRDA:406,74,0,2
BRDA:407,75,0,2
BRDA:409,76,0,0
BRDA:415,77,0,17
BRDA:417,78,0,16
BRDA:422,79,0,1
BRDA:423,80,0,17
BRDA:426,81,0,75
BRDA:428,82,0,5
BRDA:429,83,0,39
BRDA:428,84,0,9
BRDA:431,85,0,112
BRDA:432,86,0,105
BRDA:433,87,0,0
BRDA:436,88,0,41
BRDA:437,89,0,3
BRDA:437,90,0,38
BRDA:438,91,0,4
BRDA:438,92,0,0
BRDA:438,93,0,0
BRDA:438,94,0,34
BRDA:444,95,0,396
BRDA:465,96,0,1452
BRDA:476,97,0,2
BRDA:477,98,0,1
BRDA:484,99,0,481
BRDA:485,100,0,121
BRDA:486,101,0,360
BRDA:492,102,0,121
BRDA:492,103,0,360
BRDA:493,104,0,121
BRDA:493,105,0,360
BRDA:493,106,0,0
BRDA:494,107,0,121
BRDA:494,108,0,360
BRDA:494,109,0,0
BRDA:496,110,0,0
BRDA:497,111,0,121
BRDA:499,112,0,115
BRDA:499,113,0,6
BRDA:490,114,0,2
BRDA:499,115,0,18
BRDA:507,116,0,2
BRDA:523,117,0,1
BRDA:536,118,0,156
BRDA:550,119,0,2
BRDA:551,120,0,1
BRF:121
BRH:96
end_of_record
TN:
SF:src\pages\QRPage.jsx
FN:6,QRPage
FN:26,script.onload
FN:42,handleDownload
FN:146,onClick
FNF:4
FNH:4
FNDA:22,QRPage
FNDA:8,script.onload
FNDA:2,handleDownload
FNDA:1,onClick
DA:1,1
DA:2,1
DA:3,1
DA:4,1
DA:5,1
DA:6,22
DA:7,22
DA:8,22
DA:9,22
DA:10,22
DA:11,22
DA:12,22
DA:13,22
DA:14,22
DA:15,8
DA:16,6
DA:17,6
DA:18,6
DA:19,6
DA:20,22
DA:21,22
DA:22,22
DA:23,8
DA:24,8
DA:25,8
DA:26,8
DA:27,8
DA:28,8
DA:29,8
DA:30,8
DA:31,8
DA:32,8
DA:33,8
DA:34,8
DA:35,8
DA:36,8
DA:37,8
DA:38,8
DA:39,8
DA:40,22
DA:41,22
DA:42,22
DA:43,2
DA:44,2
DA:45,1
DA:46,2
DA:47,2
DA:48,2
DA:49,2
DA:50,22
DA:51,22
DA:52,22
DA:53,22
DA:54,22
DA:55,22
DA:56,22
DA:57,22
DA:58,22
DA:59,22
DA:60,22
DA:61,22
DA:62,22
DA:63,22
DA:64,22
DA:65,22
DA:66,22
DA:67,22
DA:68,22
DA:69,22
DA:70,22
DA:71,22
DA:72,22
DA:73,22
DA:74,22
DA:75,22
DA:76,22
DA:77,22
DA:78,22
DA:79,22
DA:80,22
DA:81,22
DA:82,22
DA:83,22
DA:84,22
DA:85,22
DA:86,22
DA:87,22
DA:88,22
DA:89,22
DA:90,22
DA:91,22
DA:92,22
DA:93,22
DA:94,22
DA:95,22
DA:96,22
DA:97,22
DA:98,22
DA:99,22
DA:100,22
DA:101,22
DA:102,22
DA:103,22
DA:104,22
DA:105,22
DA:106,22
DA:107,22
DA:108,22
DA:109,22
DA:110,22
DA:111,22
DA:112,22
DA:113,22
DA:114,2
DA:115,2
DA:116,2
DA:117,22
DA:118,22
DA:119,22
DA:120,22
DA:121,22
DA:122,22
DA:123,22
DA:124,22
DA:125,22
DA:126,22
DA:127,22
DA:128,22
DA:129,22
DA:130,22
DA:131,22
DA:132,22
DA:133,22
DA:134,22
DA:135,22
DA:136,22
DA:137,22
DA:138,22
DA:139,22
DA:140,22
DA:141,22
DA:142,22
DA:143,22
DA:144,22
DA:145,22
DA:146,22
DA:147,22
DA:148,22
DA:149,22
DA:150,22
DA:151,22
DA:152,22
DA:153,22
DA:154,22
DA:155,22
DA:156,22
DA:157,22
DA:158,22
DA:159,22
DA:160,22
LF:160
LH:160
BRDA:6,0,0,22
BRDA:111,1,0,6
BRDA:111,2,0,16
BRDA:113,3,0,6
BRDA:113,4,0,2
BRDA:121,5,0,14
BRDA:131,6,0,6
BRDA:131,7,0,16
BRDA:14,8,0,8
BRDA:15,9,0,6
BRDA:22,10,0,8
BRDA:23,11,0,0
BRDA:26,12,0,8
BRDA:29,13,0,2
BRDA:42,14,0,2
BRDA:44,15,0,1
BRDA:46,16,0,0
BRDA:146,17,0,1
BRF:18
BRH:16
end_of_record
TN:
SF:src\services\api.js
FN:32,loginWithGoogle
FN:38,getTown
FN:39,getPlaces
FN:44,getMe
FN:48,createPlace
FN:51,updatePlace
FN:54,deletePlace
FNF:7
FNH:7
FNDA:1,loginWithGoogle
FNDA:1,getTown
FNDA:1,getPlaces
FNDA:1,getMe
FNDA:1,createPlace
FNDA:1,updatePlace
FNDA:1,deletePlace
DA:1,1
DA:2,1
DA:3,1
DA:4,1
DA:5,1
DA:6,1
DA:7,1
DA:8,1
DA:9,2
DA:10,2
DA:11,1
DA:12,1
DA:13,2
DA:14,2
DA:15,1
DA:16,1
DA:17,1
DA:18,1
DA:19,1
DA:20,2
DA:21,1
DA:22,1
DA:23,1
DA:24,1
DA:25,2
DA:26,2
DA:27,1
DA:28,1
DA:29,1
DA:30,1
DA:31,1
DA:32,1
DA:33,1
DA:34,1
DA:35,1
DA:36,1
DA:37,1
DA:38,1
DA:39,1
DA:40,1
DA:41,1
DA:42,1
DA:43,1
DA:44,1
DA:45,1
DA:46,1
DA:47,1
DA:48,1
DA:49,1
DA:50,1
DA:51,1
DA:52,1
DA:53,1
DA:54,1
DA:55,1
DA:56,1
DA:57,1
LF:57
LH:57
BRDA:4,0,0,0
BRDA:8,1,0,2
BRDA:10,2,0,1
BRDA:19,3,0,2
BRDA:20,4,0,1
BRDA:32,5,0,1
BRDA:33,6,0,1
BRDA:38,7,0,1
BRDA:38,8,0,1
BRDA:39,9,0,1
BRDA:39,10,0,1
BRDA:44,11,0,1
BRDA:44,12,0,1
BRDA:48,13,0,1
BRDA:49,14,0,1
BRDA:51,15,0,1
BRDA:52,16,0,1
BRDA:54,17,0,1
BRF:18
BRH:17
end_of_record
