TN:
SF:src\App.jsx
FN:11,PrivateRoute
FN:27,AdminRoute
FN:43,AppRoutes
FN:108,App
FNF:4
FNH:4
FNDA:4,PrivateRoute
FNDA:3,AdminRoute
FNDA:11,AppRoutes
FNDA:11,App
DA:1,1
DA:2,1
DA:3,1
DA:4,1
DA:5,1
DA:6,1
DA:7,1
DA:8,1
DA:9,1
DA:10,1
DA:11,4
DA:12,4
DA:13,4
DA:14,4
DA:15,1
DA:16,1
DA:17,1
DA:18,1
DA:19,1
DA:20,1
DA:21,3
DA:22,3
DA:23,2
DA:24,1
DA:25,4
DA:26,1
DA:27,3
DA:28,3
DA:29,3
DA:30,3
DA:31,1
DA:32,1
DA:33,1
DA:34,1
DA:35,1
DA:36,1
DA:37,2
DA:38,3
DA:39,1
DA:40,1
DA:41,3
DA:42,1
DA:43,11
DA:44,11
DA:45,11
DA:46,11
DA:47,11
DA:48,11
DA:49,11
DA:50,11
DA:51,11
DA:52,11
DA:53,11
DA:54,11
DA:55,11
DA:56,11
DA:57,11
DA:58,11
DA:59,11
DA:60,11
DA:61,11
DA:62,11
DA:63,11
DA:64,11
DA:65,11
DA:66,11
DA:67,11
DA:68,11
DA:69,11
DA:70,11
DA:71,11
DA:72,11
DA:73,11
DA:74,11
DA:75,11
DA:76,11
DA:77,11
DA:78,11
DA:79,11
DA:80,11
DA:81,11
DA:82,11
DA:83,11
DA:84,11
DA:85,11
DA:86,11
DA:87,11
DA:88,11
DA:89,11
DA:90,11
DA:91,11
DA:92,11
DA:93,11
DA:94,11
DA:95,11
DA:96,11
DA:97,11
DA:98,11
DA:99,11
DA:100,11
DA:101,11
DA:102,11
DA:103,11
DA:104,11
DA:105,11
DA:106,11
DA:107,1
DA:108,11
DA:109,11
DA:110,11
DA:111,11
DA:112,11
DA:113,11
DA:114,11
LF:114
LH:114
BRDA:11,0,0,4
BRDA:14,1,0,1
BRDA:20,2,0,3
BRDA:22,3,0,2
BRDA:23,4,0,1
BRDA:27,5,0,3
BRDA:30,6,0,1
BRDA:36,7,0,2
BRDA:38,8,0,1
BRDA:39,9,0,1
BRDA:43,10,0,11
BRDA:108,11,0,11
BRF:12
BRH:12
end_of_record
TN:
SF:src\components\LanguageSwitcher.jsx
FN:3,LanguageSwitcher
FN:7,setLang
FN:16,onClick
FN:24,onClick
FNF:4
FNH:4
FNDA:154,LanguageSwitcher
FNDA:3,setLang
FNDA:1,onClick
FNDA:2,onClick
DA:1,1
DA:2,1
DA:3,154
DA:4,154
DA:5,154
DA:6,154
DA:7,154
DA:8,3
DA:9,3
DA:10,154
DA:11,154
DA:12,154
DA:13,154
DA:14,154
DA:15,154
DA:16,154
DA:17,154
DA:18,154
DA:19,154
DA:20,154
DA:21,154
DA:22,154
DA:23,154
DA:24,154
DA:25,154
DA:26,154
DA:27,154
DA:28,154
DA:29,154
DA:30,154
DA:31,154
LF:31
LH:31
BRDA:3,0,0,154
BRDA:5,1,0,0
BRDA:5,2,0,0
BRDA:15,3,0,151
BRDA:15,4,0,2
BRDA:23,5,0,2
BRDA:23,6,0,151
BRDA:7,7,0,3
BRDA:16,8,0,1
BRDA:24,9,0,2
BRF:10
BRH:8
end_of_record
TN:
SF:src\components\MapModal.jsx
FN:1,(empty-report)
FNF:1
FNH:0
FNDA:0,(empty-report)
DA:1,0
DA:2,0
DA:3,0
DA:4,0
DA:5,0
DA:6,0
DA:7,0
DA:8,0
DA:9,0
DA:10,0
DA:11,0
DA:12,0
DA:13,0
DA:14,0
DA:15,0
DA:16,0
DA:17,0
DA:18,0
DA:19,0
DA:20,0
DA:21,0
DA:22,0
DA:23,0
DA:24,0
DA:25,0
DA:26,0
DA:27,0
DA:28,0
DA:29,0
DA:30,0
DA:31,0
DA:32,0
DA:33,0
DA:34,0
DA:35,0
DA:36,0
DA:37,0
DA:38,0
DA:39,0
DA:40,0
DA:41,0
DA:42,0
DA:43,0
DA:44,0
DA:45,0
DA:46,0
DA:47,0
DA:48,0
DA:49,0
DA:50,0
DA:51,0
DA:52,0
DA:53,0
DA:54,0
DA:55,0
DA:56,0
DA:57,0
DA:58,0
DA:59,0
DA:60,0
DA:61,0
DA:62,0
DA:63,0
DA:64,0
DA:65,0
DA:66,0
DA:67,0
DA:68,0
DA:69,0
DA:70,0
DA:71,0
DA:72,0
DA:73,0
DA:74,0
DA:75,0
DA:76,0
DA:77,0
DA:78,0
DA:79,0
DA:80,0
DA:81,0
DA:82,0
DA:83,0
DA:84,0
DA:85,0
DA:86,0
DA:87,0
DA:88,0
DA:89,0
DA:90,0
DA:91,0
DA:92,0
DA:93,0
DA:94,0
DA:95,0
DA:96,0
DA:97,0
DA:98,0
DA:99,0
DA:100,0
DA:101,0
DA:102,0
DA:103,0
DA:104,0
DA:105,0
DA:106,0
DA:107,0
DA:108,0
DA:109,0
DA:110,0
DA:111,0
DA:112,0
DA:113,0
DA:114,0
DA:115,0
DA:116,0
DA:117,0
DA:118,0
DA:119,0
DA:120,0
DA:121,0
DA:122,0
DA:123,0
DA:124,0
DA:125,0
DA:126,0
DA:127,0
DA:128,0
DA:129,0
DA:130,0
DA:131,0
DA:132,0
DA:133,0
DA:134,0
DA:135,0
DA:136,0
DA:137,0
DA:138,0
DA:139,0
DA:140,0
DA:141,0
DA:142,0
DA:143,0
DA:144,0
DA:145,0
DA:146,0
DA:147,0
DA:148,0
DA:149,0
DA:150,0
DA:151,0
DA:152,0
DA:153,0
DA:154,0
DA:155,0
DA:156,0
DA:157,0
DA:158,0
DA:159,0
DA:160,0
DA:161,0
DA:162,0
DA:163,0
DA:164,0
DA:165,0
DA:166,0
DA:167,0
DA:168,0
DA:169,0
DA:170,0
DA:171,0
LF:171
LH:0
BRDA:1,0,0,0
BRF:1
BRH:0
end_of_record
TN:
SF:src\components\Navbar.jsx
FN:8,Navbar
FN:15,handleScroll
FN:23,handleLogout
FN:43,onClick
FN:83,onClick
FN:91,onMouseEnter
FN:92,onMouseLeave
FNF:7
FNH:4
FNDA:142,Navbar
FNDA:0,handleScroll
FNDA:2,handleLogout
FNDA:2,onClick
FNDA:1,onClick
FNDA:0,onMouseEnter
FNDA:0,onMouseLeave
DA:1,1
DA:2,1
DA:3,1
DA:4,1
DA:5,1
DA:6,1
DA:7,1
DA:8,142
DA:9,142
DA:10,142
DA:11,142
DA:12,142
DA:13,142
DA:14,142
DA:15,51
DA:16,0
DA:17,0
DA:18,51
DA:19,51
DA:20,51
DA:21,142
DA:22,142
DA:23,142
DA:24,2
DA:25,2
DA:26,2
DA:27,142
DA:28,142
DA:29,142
DA:30,142
DA:31,142
DA:32,142
DA:33,142
DA:34,142
DA:35,142
DA:36,142
DA:37,142
DA:38,142
DA:39,142
DA:40,142
DA:41,142
DA:42,142
DA:43,142
DA:44,142
DA:45,142
DA:46,142
DA:47,142
DA:48,142
DA:49,142
DA:50,142
DA:51,142
DA:52,142
DA:53,142
DA:54,5
DA:55,5
DA:56,5
DA:57,142
DA:58,142
DA:59,142
DA:60,137
DA:61,137
DA:62,1
DA:63,1
DA:64,1
DA:65,1
DA:66,1
DA:67,1
DA:68,1
DA:69,1
DA:70,137
DA:71,137
DA:72,137
DA:73,137
DA:74,64
DA:75,64
DA:76,64
DA:77,64
DA:78,64
DA:79,64
DA:80,137
DA:81,137
DA:82,137
DA:83,137
DA:84,137
DA:85,137
DA:86,137
DA:87,137
DA:88,137
DA:89,137
DA:90,137
DA:91,137
DA:92,137
DA:93,137
DA:94,137
DA:95,137
DA:96,137
DA:97,137
DA:98,137
DA:99,137
DA:100,137
DA:101,142
DA:102,142
DA:103,142
DA:104,142
DA:105,142
LF:105
LH:103
BRDA:8,0,0,142
BRDA:35,1,0,0
BRDA:36,2,0,0
BRDA:50,3,0,110
BRDA:50,4,0,32
BRDA:53,5,0,5
BRDA:59,6,0,137
BRDA:61,7,0,1
BRDA:73,8,0,64
BRDA:75,9,0,43
BRDA:75,10,0,21
BRDA:14,11,0,51
BRDA:20,12,0,51
BRDA:23,13,0,2
BRDA:25,14,0,1
BRDA:25,15,0,1
BRDA:25,16,0,1
BRDA:43,17,0,2
BRDA:43,18,0,1
BRDA:43,19,0,1
BRDA:43,20,0,1
BRDA:83,21,0,1
BRF:22
BRH:20
end_of_record
TN:
SF:src\components\PlaceCard.jsx
FN:3,PlaceCard
FN:30,onError
FNF:2
FNH:2
FNDA:96,PlaceCard
FNDA:1,onError
DA:1,1
DA:2,1
DA:3,96
DA:4,96
DA:5,96
DA:6,96
DA:7,96
DA:8,96
DA:9,96
DA:10,96
DA:11,96
DA:12,96
DA:13,96
DA:14,96
DA:15,96
DA:16,96
DA:17,96
DA:18,96
DA:19,96
DA:20,96
DA:21,96
DA:22,96
DA:23,96
DA:24,96
DA:25,96
DA:26,96
DA:27,96
DA:28,96
DA:29,96
DA:30,96
DA:31,96
DA:32,96
DA:33,96
DA:34,96
DA:35,96
DA:36,96
DA:37,96
DA:38,96
DA:39,96
DA:40,96
DA:41,94
DA:42,94
DA:43,94
DA:44,94
DA:45,94
DA:46,94
DA:47,94
DA:48,94
DA:49,94
DA:50,94
DA:51,96
DA:52,96
DA:53,96
DA:54,96
DA:55,96
DA:56,96
DA:57,96
DA:58,96
DA:59,96
DA:60,96
DA:61,96
DA:62,96
DA:63,96
DA:64,88
DA:65,88
DA:66,88
DA:67,88
DA:68,88
DA:69,88
DA:70,88
DA:71,88
DA:72,96
DA:73,96
DA:74,96
DA:75,87
DA:76,87
DA:77,87
DA:78,87
DA:79,87
DA:80,87
DA:81,87
DA:82,87
DA:83,87
DA:84,96
DA:85,96
DA:86,96
DA:87,96
DA:88,96
DA:89,96
DA:90,96
DA:91,96
DA:92,96
DA:93,96
DA:94,96
DA:95,96
DA:96,96
DA:97,96
DA:98,96
DA:99,96
DA:100,96
DA:101,96
DA:102,96
DA:103,96
DA:104,96
DA:105,96
DA:106,96
DA:107,96
DA:108,96
DA:109,96
DA:110,96
DA:111,94
DA:112,2
DA:113,96
DA:114,96
DA:115,96
DA:116,96
LF:116
LH:116
BRDA:3,0,0,96
BRDA:7,1,0,94
BRDA:7,2,0,5
BRDA:20,3,0,0
BRDA:26,4,0,94
BRDA:40,5,0,94
BRDA:49,6,0,9
BRDA:63,7,0,88
BRDA:74,8,0,87
BRDA:92,9,0,0
BRDA:103,10,0,0
BRDA:110,11,0,94
BRDA:111,12,0,2
BRDA:30,13,0,1
BRF:14
BRH:11
end_of_record
TN:
SF:src\components\ReviewSection.jsx
FN:5,ReviewSection
FNF:1
FNH:0
FNDA:0,ReviewSection
DA:1,1
DA:2,1
DA:3,1
DA:4,1
DA:5,0
DA:6,0
DA:7,0
DA:8,0
DA:9,0
DA:10,0
DA:11,0
DA:12,0
DA:13,0
DA:14,0
DA:15,0
DA:16,0
DA:17,0
DA:18,0
DA:19,0
DA:20,0
DA:21,0
DA:22,0
DA:23,0
DA:24,0
DA:25,0
DA:26,0
DA:27,0
DA:28,0
DA:29,0
DA:30,0
DA:31,0
DA:32,0
DA:33,0
DA:34,0
DA:35,0
DA:36,0
DA:37,0
DA:38,0
DA:39,0
DA:40,0
DA:41,0
DA:42,0
DA:43,0
DA:44,0
DA:45,0
DA:46,0
DA:47,0
DA:48,0
DA:49,0
DA:50,0
DA:51,0
DA:52,0
DA:53,0
DA:54,0
DA:55,0
DA:56,0
DA:57,0
DA:58,0
DA:59,0
DA:60,0
DA:61,0
DA:62,0
DA:63,0
DA:64,0
DA:65,0
DA:66,0
DA:67,0
DA:68,0
DA:69,0
DA:70,0
DA:71,0
DA:72,0
DA:73,0
DA:74,0
DA:75,0
DA:76,0
DA:77,0
DA:78,0
DA:79,0
DA:80,0
DA:81,0
DA:82,0
DA:83,0
DA:84,0
DA:85,0
DA:86,0
DA:87,0
DA:88,0
DA:89,0
DA:90,0
DA:91,0
DA:92,0
DA:93,0
DA:94,0
DA:95,0
DA:96,0
DA:97,0
DA:98,0
DA:99,0
DA:100,0
DA:101,0
DA:102,0
DA:103,0
DA:104,0
DA:105,0
DA:106,0
DA:107,0
DA:108,0
DA:109,0
DA:110,0
DA:111,0
DA:112,0
DA:113,0
DA:114,0
DA:115,0
DA:116,0
DA:117,0
DA:118,0
DA:119,0
DA:120,0
DA:121,0
DA:122,0
DA:123,0
DA:124,0
DA:125,0
DA:126,0
DA:127,0
DA:128,0
DA:129,0
DA:130,0
DA:131,0
DA:132,0
DA:133,0
DA:134,0
DA:135,0
DA:136,0
DA:137,0
DA:138,0
DA:139,0
DA:140,0
DA:141,0
DA:142,0
DA:143,0
DA:144,0
DA:145,0
DA:146,0
DA:147,0
DA:148,0
DA:149,0
DA:150,0
DA:151,0
DA:152,0
DA:153,0
DA:154,0
DA:155,0
DA:156,0
DA:157,0
DA:158,0
DA:159,0
DA:160,0
DA:161,0
DA:162,0
DA:163,0
DA:164,0
DA:165,0
DA:166,0
DA:167,0
DA:168,0
DA:169,0
DA:170,0
DA:171,0
DA:172,0
DA:173,0
DA:174,0
DA:175,0
DA:176,0
DA:177,0
DA:178,0
DA:179,0
DA:180,0
DA:181,0
DA:182,0
DA:183,0
DA:184,0
DA:185,0
DA:186,0
DA:187,0
DA:188,0
DA:189,0
DA:190,0
DA:191,0
DA:192,0
DA:193,0
DA:194,0
DA:195,0
DA:196,0
DA:197,0
DA:198,0
DA:199,0
DA:200,0
DA:201,0
DA:202,0
DA:203,0
DA:204,0
DA:205,0
DA:206,0
DA:207,0
DA:208,0
DA:209,0
DA:210,0
DA:211,0
DA:212,0
DA:213,0
DA:214,0
DA:215,0
DA:216,0
DA:217,0
DA:218,0
DA:219,0
DA:220,0
DA:221,0
DA:222,0
DA:223,0
DA:224,0
DA:225,0
DA:226,0
DA:227,0
DA:228,0
DA:229,0
DA:230,0
DA:231,0
DA:232,0
DA:233,0
DA:234,0
DA:235,0
DA:236,0
DA:237,0
DA:238,0
DA:239,0
DA:240,0
DA:241,0
DA:242,0
DA:243,0
DA:244,0
DA:245,0
DA:246,0
DA:247,0
DA:248,0
DA:249,0
DA:250,0
DA:251,0
DA:252,0
DA:253,0
DA:254,0
DA:255,0
DA:256,0
DA:257,0
DA:258,0
DA:259,0
DA:260,0
LF:260
LH:4
BRF:0
BRH:0
end_of_record
TN:
SF:src\components\SunsetHero.jsx
FN:14,SunsetHero
FNF:1
FNH:1
FNDA:6,SunsetHero
DA:1,1
DA:2,1
DA:3,1
DA:4,1
DA:5,1
DA:6,1
DA:7,1
DA:8,1
DA:9,1
DA:10,1
DA:11,1
DA:12,1
DA:13,1
DA:14,6
DA:15,6
DA:16,6
DA:17,6
DA:18,6
DA:19,6
DA:20,6
DA:21,6
DA:22,120
DA:23,120
DA:24,120
DA:25,120
DA:26,120
DA:27,120
DA:28,120
DA:29,240
DA:30,240
DA:31,240
DA:32,240
DA:33,120
DA:34,120
DA:35,120
DA:36,6
DA:37,6
DA:38,6
DA:39,6
DA:40,6
DA:41,6
DA:42,6
DA:43,6
DA:44,6
DA:45,6
DA:46,6
DA:47,6
DA:48,6
DA:49,6
DA:50,6
DA:51,6
DA:52,6
DA:53,6
DA:54,6
DA:55,6
DA:56,6
LF:56
LH:56
BRDA:14,0,0,6
BRDA:50,1,0,5
BRDA:50,2,0,3
BRDA:51,3,0,5
BRDA:51,4,0,1
BRDA:52,5,0,5
BRDA:52,6,0,1
BRDA:17,7,0,6
BRDA:19,8,0,0
BRDA:21,9,0,120
BRDA:28,10,0,240
BRDA:46,11,0,36
BRF:12
BRH:11
end_of_record
TN:
SF:src\components\TourismChatbot.jsx
FN:4,TourismChatbot
FN:24,generateResponse
FN:76,sendMessage
FN:92,handleKey
FN:125,onClick
FN:172,onClick
FN:236,onClick
FN:262,onChange
FNF:8
FNH:8
FNDA:115,TourismChatbot
FNDA:7,generateResponse
FNDA:7,sendMessage
FNDA:1,handleKey
FNDA:16,onClick
FNDA:1,onClick
FNDA:1,onClick
FNDA:8,onChange
DA:1,1
DA:2,1
DA:3,1
DA:4,115
DA:5,115
DA:6,115
DA:7,115
DA:8,115
DA:9,115
DA:10,115
DA:11,115
DA:12,115
DA:13,115
DA:14,115
DA:15,115
DA:16,115
DA:17,42
DA:18,115
DA:19,115
DA:20,115
DA:21,49
DA:22,115
DA:23,115
DA:24,115
DA:25,7
DA:26,7
DA:27,7
DA:28,1
DA:29,1
DA:30,1
DA:31,7
DA:32,1
DA:33,1
DA:34,1
DA:35,7
DA:36,1
DA:37,1
DA:38,1
DA:39,7
DA:40,0
DA:41,0
DA:42,0
DA:43,7
DA:44,0
DA:45,0
DA:46,0
DA:47,7
DA:48,0
DA:49,0
DA:50,0
DA:51,7
DA:52,0
DA:53,0
DA:54,0
DA:55,7
DA:56,0
DA:57,0
DA:58,0
DA:59,7
DA:60,2
DA:61,2
DA:62,7
DA:63,1
DA:64,1
DA:65,7
DA:66,0
DA:67,0
DA:68,7
DA:69,0
DA:70,0
DA:71,1
DA:72,7
DA:73,7
DA:74,7
DA:75,115
DA:76,115
DA:77,7
DA:78,7
DA:79,7
DA:80,7
DA:81,7
DA:82,7
DA:83,7
DA:84,7
DA:85,7
DA:86,7
DA:87,7
DA:88,7
DA:89,7
DA:90,7
DA:91,115
DA:92,115
DA:93,1
DA:94,1
DA:95,1
DA:96,1
DA:97,1
DA:98,115
DA:99,115
DA:100,115
DA:101,115
DA:102,115
DA:103,115
DA:104,115
DA:105,115
DA:106,115
DA:107,115
DA:108,115
DA:109,115
DA:110,115
DA:111,115
DA:112,115
DA:113,115
DA:114,115
DA:115,115
DA:116,115
DA:117,115
DA:118,115
DA:119,115
DA:120,115
DA:121,115
DA:122,115
DA:123,115
DA:124,115
DA:125,115
DA:126,115
DA:127,115
DA:128,115
DA:129,115
DA:130,115
DA:131,115
DA:132,115
DA:133,115
DA:134,115
DA:135,115
DA:136,115
DA:137,115
DA:138,115
DA:139,115
DA:140,115
DA:141,115
DA:142,33
DA:143,33
DA:144,33
DA:145,33
DA:146,33
DA:147,33
DA:148,33
DA:149,33
DA:150,33
DA:151,33
DA:152,33
DA:153,33
DA:154,33
DA:155,33
DA:156,33
DA:157,33
DA:158,33
DA:159,33
DA:160,33
DA:161,33
DA:162,33
DA:163,33
DA:164,33
DA:165,33
DA:166,33
DA:167,33
DA:168,33
DA:169,33
DA:170,33
DA:171,33
DA:172,33
DA:173,33
DA:174,33
DA:175,33
DA:176,33
DA:177,33
DA:178,33
DA:179,33
DA:180,33
DA:181,33
DA:182,33
DA:183,33
DA:184,33
DA:185,33
DA:186,33
DA:187,33
DA:188,33
DA:189,33
DA:190,48
DA:191,48
DA:192,48
DA:193,48
DA:194,40
DA:195,40
DA:196,40
DA:197,40
DA:198,40
DA:199,40
DA:200,48
DA:201,48
DA:202,48
DA:203,48
DA:204,48
DA:205,48
DA:206,48
DA:207,48
DA:208,48
DA:209,48
DA:210,48
DA:211,48
DA:212,48
DA:213,33
DA:214,33
DA:215,33
DA:216,1
DA:217,1
DA:218,1
DA:219,1
DA:220,1
DA:221,1
DA:222,1
DA:223,1
DA:224,1
DA:225,1
DA:226,1
DA:227,1
DA:228,1
DA:229,33
DA:230,33
DA:231,33
DA:232,25
DA:233,25
DA:234,25
DA:235,75
DA:236,75
DA:237,75
DA:238,75
DA:239,75
DA:240,75
DA:241,75
DA:242,75
DA:243,75
DA:244,75
DA:245,25
DA:246,25
DA:247,33
DA:248,33
DA:249,33
DA:250,33
DA:251,33
DA:252,33
DA:253,33
DA:254,33
DA:255,33
DA:256,33
DA:257,33
DA:258,33
DA:259,33
DA:260,33
DA:261,33
DA:262,33
DA:263,33
DA:264,33
DA:265,33
DA:266,33
DA:267,33
DA:268,33
DA:269,33
DA:270,33
DA:271,33
DA:272,33
DA:273,33
DA:274,33
DA:275,33
DA:276,33
DA:277,33
DA:278,33
DA:279,33
DA:280,33
DA:281,33
DA:282,33
DA:283,33
DA:284,33
DA:285,33
DA:286,33
DA:287,33
DA:288,33
DA:289,115
DA:290,115
DA:291,115
DA:292,115
LF:292
LH:273
BRDA:4,0,0,115
BRDA:137,1,0,33
BRDA:137,2,0,82
BRDA:141,3,0,33
BRDA:165,4,0,32
BRDA:165,5,0,1
BRDA:215,6,0,1
BRDA:231,7,0,25
BRDA:231,8,0,25
BRDA:276,9,0,8
BRDA:16,10,0,42
BRDA:17,11,0,9
BRDA:20,12,0,49
BRDA:21,13,0,15
BRDA:21,14,0,7
BRDA:24,15,0,7
BRDA:27,16,0,6
BRDA:27,17,0,6
BRDA:27,18,0,6
BRDA:27,19,0,1
BRDA:30,20,0,6
BRDA:31,21,0,5
BRDA:31,22,0,5
BRDA:31,23,0,5
BRDA:31,24,0,5
BRDA:31,25,0,1
BRDA:34,26,0,5
BRDA:35,27,0,5
BRDA:35,28,0,4
BRDA:35,29,0,4
BRDA:35,30,0,1
BRDA:38,31,0,4
BRDA:39,32,0,4
BRDA:39,33,0,4
BRDA:39,34,0,0
BRDA:42,35,0,4
BRDA:43,36,0,4
BRDA:43,37,0,4
BRDA:43,38,0,4
BRDA:43,39,0,0
BRDA:46,40,0,4
BRDA:47,41,0,4
BRDA:47,42,0,4
BRDA:47,43,0,0
BRDA:50,44,0,4
BRDA:51,45,0,4
BRDA:51,46,0,4
BRDA:51,47,0,0
BRDA:54,48,0,4
BRDA:55,49,0,4
BRDA:55,50,0,4
BRDA:55,51,0,4
BRDA:55,52,0,0
BRDA:58,53,0,4
BRDA:59,54,0,2
BRDA:59,55,0,2
BRDA:59,56,0,2
BRDA:62,57,0,1
BRDA:65,58,0,1
BRDA:65,59,0,0
BRDA:67,60,0,1
BRDA:68,61,0,1
BRDA:68,62,0,1
BRDA:68,63,0,0
BRDA:70,64,0,1
BRDA:73,65,0,1
BRDA:73,66,0,1
BRDA:73,67,0,0
BRDA:73,68,0,0
BRDA:28,69,0,5
BRDA:29,70,0,2
BRDA:32,71,0,5
BRDA:32,72,0,4
BRDA:33,73,0,1
BRDA:36,74,0,5
BRDA:37,75,0,1
BRDA:72,76,0,3
BRDA:76,77,0,7
BRDA:78,78,0,0
BRDA:81,79,0,7
BRDA:85,80,0,7
BRDA:88,81,0,7
BRDA:92,82,0,1
BRDA:125,83,0,16
BRDA:125,84,0,16
BRDA:172,85,0,1
BRDA:189,86,0,48
BRDA:191,87,0,8
BRDA:191,88,0,40
BRDA:193,89,0,40
BRDA:202,90,0,8
BRDA:203,91,0,40
BRDA:204,92,0,8
BRDA:205,93,0,40
BRDA:206,94,0,8
BRDA:206,95,0,40
BRDA:234,96,0,75
BRDA:236,97,0,1
BRDA:262,98,0,8
BRF:99
BRH:89
end_of_record
TN:
SF:src\components\TravelTransition.jsx
FN:16,TravelTransition
FNF:1
FNH:1
FNDA:7,TravelTransition
DA:1,1
DA:2,1
DA:3,1
DA:4,1
DA:5,1
DA:6,1
DA:7,1
DA:8,1
DA:9,1
DA:10,1
DA:11,1
DA:12,1
DA:13,1
DA:14,1
DA:15,1
DA:16,7
DA:17,7
DA:18,7
DA:19,7
DA:20,7
DA:21,7
DA:22,7
DA:23,7
DA:24,7
DA:25,7
DA:26,7
DA:27,7
DA:28,7
DA:29,7
DA:30,7
DA:31,7
DA:32,7
DA:33,7
DA:34,7
DA:35,7
DA:36,7
DA:37,7
DA:38,7
DA:39,7
DA:40,7
DA:41,7
DA:42,7
DA:43,7
DA:44,7
DA:45,7
DA:46,7
DA:47,7
DA:48,7
DA:49,7
DA:50,7
DA:51,7
DA:52,7
DA:53,7
DA:54,7
DA:55,7
DA:56,7
DA:57,7
DA:58,7
DA:59,7
DA:60,7
DA:61,7
DA:62,7
DA:63,7
DA:64,7
DA:65,7
DA:66,7
DA:67,7
DA:68,7
DA:69,7
DA:70,7
DA:71,7
DA:72,7
DA:73,7
DA:74,7
DA:75,7
DA:76,7
DA:77,7
DA:78,7
DA:79,7
DA:80,7
DA:81,7
DA:82,7
DA:83,7
DA:84,7
DA:85,7
DA:86,7
DA:87,7
DA:88,7
DA:89,7
DA:90,7
DA:91,7
DA:92,7
DA:93,7
DA:94,7
DA:95,7
DA:96,7
DA:97,7
DA:98,7
DA:99,7
DA:100,7
DA:101,7
DA:102,7
DA:103,7
DA:104,7
DA:105,7
DA:106,7
DA:107,7
DA:108,7
DA:109,35
DA:110,35
DA:111,35
DA:112,35
DA:113,35
DA:114,35
DA:115,35
DA:116,35
DA:117,35
DA:118,35
DA:119,35
DA:120,35
DA:121,35
DA:122,35
DA:123,7
DA:124,7
DA:125,7
DA:126,7
DA:127,7
DA:128,7
DA:129,7
DA:130,7
DA:131,7
DA:132,7
DA:133,7
DA:134,7
DA:135,7
DA:136,7
DA:137,7
DA:138,7
DA:139,7
DA:140,7
DA:141,7
DA:142,7
DA:143,7
DA:144,7
DA:145,7
DA:146,7
DA:147,7
DA:148,7
DA:149,7
DA:150,7
DA:151,7
DA:152,7
DA:153,7
DA:154,7
DA:155,7
DA:156,7
DA:157,7
DA:158,7
DA:159,7
DA:160,7
DA:161,7
DA:162,7
DA:163,7
DA:164,7
DA:165,7
DA:166,7
DA:167,7
DA:168,7
DA:169,7
DA:170,7
DA:171,7
DA:172,7
DA:173,7
DA:174,7
DA:175,7
DA:176,7
DA:177,7
DA:178,7
DA:179,7
DA:180,7
DA:181,7
DA:182,7
DA:183,7
DA:184,7
DA:185,7
DA:186,7
DA:187,21
DA:188,21
DA:189,21
DA:190,21
DA:191,21
DA:192,7
DA:193,7
DA:194,7
DA:195,7
DA:196,7
DA:197,7
LF:197
LH:197
BRDA:16,0,0,7
BRDA:19,1,0,7
BRDA:21,2,0,7
BRDA:108,3,0,35
BRDA:186,4,0,21
BRF:5
BRH:5
end_of_record
TN:
SF:src\context\AuthContext.jsx
FN:5,isTokenExpired
FN:14,AuthProvider
FN:39,login
FN:46,logout
FN:60,isAuthenticated
FN:69,useAuth
FNF:6
FNH:6
FNDA:5,isTokenExpired
FNDA:13,AuthProvider
FNDA:2,login
FNDA:1,logout
FNDA:13,isAuthenticated
FNDA:18,useAuth
DA:1,1
DA:2,1
DA:3,1
DA:4,1
DA:5,5
DA:6,5
DA:7,5
DA:8,5
DA:9,5
DA:10,0
DA:11,0
DA:12,5
DA:13,1
DA:14,1
DA:15,13
DA:16,13
DA:17,13
DA:18,13
DA:19,13
DA:20,5
DA:21,5
DA:22,5
DA:23,5
DA:24,5
DA:25,1
DA:26,1
DA:27,5
DA:28,4
DA:29,4
DA:30,4
DA:31,5
DA:32,5
DA:33,5
DA:34,5
DA:35,5
DA:36,5
DA:37,13
DA:38,13
DA:39,13
DA:40,2
DA:41,2
DA:42,2
DA:43,2
DA:44,2
DA:45,13
DA:46,13
DA:47,1
DA:48,1
DA:49,1
DA:50,1
DA:51,1
DA:52,1
DA:53,0
DA:54,0
DA:55,0
DA:56,0
DA:57,0
DA:58,1
DA:59,13
DA:60,13
DA:61,13
DA:62,13
DA:63,13
DA:64,13
DA:65,13
DA:66,13
DA:67,13
DA:68,1
DA:69,1
DA:70,18
DA:71,18
DA:72,13
DA:73,13
LF:73
LH:66
BRDA:5,0,0,5
BRDA:9,1,0,0
BRDA:14,2,0,13
BRDA:19,3,0,5
BRDA:24,4,0,2
BRDA:24,5,0,2
BRDA:24,6,0,1
BRDA:27,7,0,4
BRDA:39,8,0,2
BRDA:46,9,0,1
BRDA:47,10,0,0
BRDA:52,11,0,0
BRDA:60,12,0,13
BRDA:60,13,0,3
BRDA:60,14,0,3
BRDA:69,15,0,18
BRDA:71,16,0,4
BRDA:71,17,0,13
BRF:18
BRH:15
end_of_record
TN:
SF:src\pages\AdminPlacesPage.jsx
FN:25,CoordPicker
FN:32,loadLeaflet
FN:134,onChange
FN:143,onChange
FN:152,Toast
FN:172,CategoryBadge
FN:188,AdminPlacesPage
FN:202,showToast
FN:216,loadPlaces
FN:220,handleChange
FN:222,handleSubmit
FN:257,handleDelete
FN:270,handleEdit
FN:284,handleCancel
FN:325,onClick
FN:419,onError
FN:429,onChange
FN:485,onError
FN:522,onClick
FN:530,onClick
FNF:20
FNH:14
FNDA:63,CoordPicker
FNDA:0,loadLeaflet
FNDA:0,onChange
FNDA:0,onChange
FNDA:63,Toast
FNDA:84,CategoryBadge
FNDA:67,AdminPlacesPage
FNDA:8,showToast
FNDA:4,loadPlaces
FNDA:9,handleChange
FNDA:5,handleSubmit
FNDA:3,handleDelete
FNDA:3,handleEdit
FNDA:1,handleCancel
FNDA:1,onClick
FNDA:0,onError
FNDA:0,onChange
FNDA:0,onError
FNDA:3,onClick
FNDA:3,onClick
DA:1,1
DA:2,1
DA:3,1
DA:4,1
DA:5,1
DA:6,1
DA:7,1
DA:8,1
DA:9,1
DA:10,1
DA:11,1
DA:12,1
DA:13,1
DA:14,1
DA:15,1
DA:16,1
DA:17,1
DA:18,1
DA:19,1
DA:20,1
DA:21,1
DA:22,1
DA:23,1
DA:24,1
DA:25,63
DA:26,63
DA:27,63
DA:28,63
DA:29,63
DA:30,63
DA:31,63
DA:32,20
DA:33,0
DA:34,0
DA:35,0
DA:36,0
DA:37,0
DA:38,0
DA:39,0
DA:40,0
DA:41,0
DA:42,0
DA:43,0
DA:44,0
DA:45,0
DA:46,0
DA:47,0
DA:48,0
DA:49,0
DA:50,0
DA:51,0
DA:52,0
DA:53,0
DA:54,0
DA:55,0
DA:56,0
DA:57,0
DA:58,0
DA:59,0
DA:60,0
DA:61,0
DA:62,0
DA:63,0
DA:64,0
DA:65,0
DA:66,0
DA:67,0
DA:68,20
DA:69,20
DA:70,1
DA:71,1
DA:72,1
DA:73,1
DA:74,1
DA:75,20
DA:76,20
DA:77,0
DA:78,20
DA:79,20
DA:80,20
DA:81,19
DA:82,20
DA:83,1
DA:84,1
DA:85,1
DA:86,1
DA:87,1
DA:88,20
DA:89,20
DA:90,20
DA:91,20
DA:92,0
DA:93,0
DA:94,0
DA:95,0
DA:96,20
DA:97,63
DA:98,63
DA:99,63
DA:100,63
DA:101,25
DA:102,25
DA:103,25
DA:104,0
DA:105,0
DA:106,25
DA:107,0
DA:108,0
DA:109,0
DA:110,0
DA:111,0
DA:112,0
DA:113,0
DA:114,0
DA:115,0
DA:116,0
DA:117,63
DA:118,63
DA:119,63
DA:120,63
DA:121,63
DA:122,63
DA:123,63
DA:124,63
DA:125,63
DA:126,63
DA:127,63
DA:128,63
DA:129,63
DA:130,63
DA:131,63
DA:132,63
DA:133,63
DA:134,63
DA:135,63
DA:136,63
DA:137,63
DA:138,63
DA:139,63
DA:140,63
DA:141,63
DA:142,63
DA:143,63
DA:144,63
DA:145,63
DA:146,63
DA:147,63
DA:148,63
DA:149,63
DA:150,63
DA:151,1
DA:152,63
DA:153,63
DA:154,8
DA:155,8
DA:156,8
DA:157,8
DA:158,63
DA:159,63
DA:160,63
DA:161,63
DA:162,63
DA:163,63
DA:164,63
DA:165,63
DA:166,63
DA:167,63
DA:168,63
DA:169,63
DA:170,63
DA:171,1
DA:172,84
DA:173,84
DA:174,84
DA:175,84
DA:176,84
DA:177,84
DA:178,84
DA:179,84
DA:180,84
DA:181,84
DA:182,84
DA:183,84
DA:184,84
DA:185,84
DA:186,84
DA:187,1
DA:188,67
DA:189,67
DA:190,67
DA:191,67
DA:192,67
DA:193,67
DA:194,67
DA:195,67
DA:196,67
DA:197,67
DA:198,67
DA:199,67
DA:200,67
DA:201,67
DA:202,67
DA:203,8
DA:204,8
DA:205,8
DA:206,67
DA:207,67
DA:208,20
DA:209,20
DA:210,19
DA:211,19
DA:212,20
DA:213,20
DA:214,67
DA:215,67
DA:216,67
DA:217,4
DA:218,4
DA:219,67
DA:220,67
DA:221,67
DA:222,67
DA:223,5
DA:224,5
DA:225,0
DA:226,0
DA:227,0
DA:228,5
DA:229,5
DA:230,5
DA:231,5
DA:232,5
DA:233,5
DA:234,5
DA:235,1
DA:236,1
DA:237,5
DA:238,4
DA:239,1
DA:240,1
DA:241,2
DA:242,2
DA:243,2
DA:244,5
DA:245,3
DA:246,3
DA:247,3
DA:248,1
DA:249,3
DA:250,1
DA:251,1
DA:252,1
DA:253,1
DA:254,3
DA:255,5
DA:256,67
DA:257,67
DA:258,3
DA:259,3
DA:260,3
DA:261,2
DA:262,2
DA:263,3
DA:264,1
DA:265,3
DA:266,3
DA:267,3
DA:268,3
DA:269,67
DA:270,67
DA:271,3
DA:272,3
DA:273,3
DA:274,3
DA:275,3
DA:276,3
DA:277,3
DA:278,3
DA:279,3
DA:280,3
DA:281,3
DA:282,3
DA:283,67
DA:284,67
DA:285,1
DA:286,1
DA:287,1
DA:288,67
DA:289,67
DA:290,67
DA:291,67
DA:292,67
DA:293,67
DA:294,67
DA:295,67
DA:296,67
DA:297,67
DA:298,67
DA:299,67
DA:300,67
DA:301,67
DA:302,67
DA:303,67
DA:304,67
DA:305,67
DA:306,67
DA:307,67
DA:308,67
DA:309,67
DA:310,67
DA:311,67
DA:312,67
DA:313,67
DA:314,67
DA:315,67
DA:316,67
DA:317,67
DA:318,67
DA:319,67
DA:320,67
DA:321,67
DA:322,67
DA:323,67
DA:324,67
DA:325,67
DA:326,67
DA:327,67
DA:328,67
DA:329,67
DA:330,67
DA:331,67
DA:332,67
DA:333,67
DA:334,67
DA:335,67
DA:336,67
DA:337,67
DA:338,67
DA:339,67
DA:340,67
DA:341,67
DA:342,67
DA:343,67
DA:344,67
DA:345,67
DA:346,67
DA:347,67
DA:348,67
DA:349,67
DA:350,67
DA:351,67
DA:352,67
DA:353,67
DA:354,67
DA:355,67
DA:356,67
DA:357,67
DA:358,67
DA:359,67
DA:360,67
DA:361,67
DA:362,67
DA:363,67
DA:364,67
DA:365,67
DA:366,67
DA:367,4
DA:368,62
DA:369,67
DA:370,67
DA:371,67
DA:372,67
DA:373,67
DA:374,67
DA:375,4
DA:376,4
DA:377,4
DA:378,67
DA:379,67
DA:380,67
DA:381,67
DA:382,67
DA:383,67
DA:384,67
DA:385,67
DA:386,67
DA:387,67
DA:388,67
DA:389,67
DA:390,67
DA:391,67
DA:392,67
DA:393,67
DA:394,67
DA:395,67
DA:396,67
DA:397,67
DA:398,67
DA:399,67
DA:400,594
DA:401,67
DA:402,67
DA:403,67
DA:404,67
DA:405,67
DA:406,67
DA:407,67
DA:408,67
DA:409,67
DA:410,67
DA:411,67
DA:412,67
DA:413,67
DA:414,67
DA:415,67
DA:416,1
DA:417,1
DA:418,1
DA:419,1
DA:420,1
DA:421,67
DA:422,67
DA:423,67
DA:424,67
DA:425,67
DA:426,67
DA:427,67
DA:428,67
DA:429,67
DA:430,67
DA:431,67
DA:432,67
DA:433,67
DA:434,67
DA:435,67
DA:436,67
DA:437,67
DA:438,67
DA:439,67
DA:440,67
DA:441,67
DA:442,67
DA:443,67
DA:444,67
DA:445,4
DA:446,4
DA:447,4
DA:448,4
DA:449,4
DA:450,4
DA:451,4
DA:452,67
DA:453,67
DA:454,67
DA:455,67
DA:456,67
DA:457,67
DA:458,67
DA:459,67
DA:460,21
DA:461,21
DA:462,21
DA:463,21
DA:464,21
DA:465,21
DA:466,21
DA:467,21
DA:468,21
DA:469,21
DA:470,45
DA:471,45
DA:472,45
DA:473,90
DA:474,90
DA:475,90
DA:476,90
DA:477,90
DA:478,90
DA:479,90
DA:480,90
DA:481,90
DA:482,90
DA:483,45
DA:484,45
DA:485,45
DA:486,45
DA:487,45
DA:488,45
DA:489,45
DA:490,45
DA:491,45
DA:492,45
DA:493,45
DA:494,45
DA:495,90
DA:496,90
DA:497,90
DA:498,90
DA:499,90
DA:500,90
DA:501,90
DA:502,90
DA:503,90
DA:504,90
DA:505,90
DA:506,45
DA:507,45
DA:508,45
DA:509,90
DA:510,90
DA:511,45
DA:512,45
DA:513,45
DA:514,45
DA:515,45
DA:516,45
DA:517,45
DA:518,90
DA:519,90
DA:520,90
DA:521,90
DA:522,90
DA:523,90
DA:524,90
DA:525,90
DA:526,90
DA:527,90
DA:528,90
DA:529,90
DA:530,90
DA:531,90
DA:532,90
DA:533,90
DA:534,90
DA:535,90
DA:536,90
DA:537,90
DA:538,90
DA:539,90
DA:540,90
DA:541,90
DA:542,90
DA:543,90
DA:544,45
DA:545,45
DA:546,67
DA:547,67
DA:548,67
DA:549,67
DA:550,67
DA:551,67
DA:552,67
DA:553,67
LF:553
LH:498
BRDA:25,0,0,63
BRDA:31,1,0,20
BRDA:69,2,0,1
BRDA:76,3,0,0
BRDA:80,4,0,19
BRDA:82,5,0,1
BRDA:90,6,0,20
BRDA:91,7,0,0
BRDA:100,8,0,25
BRDA:103,9,0,0
BRDA:103,10,0,0
BRDA:106,11,0,0
BRDA:152,12,0,63
BRDA:153,13,0,55
BRDA:153,14,0,8
BRDA:158,15,0,4
BRDA:158,16,0,4
BRDA:166,17,0,4
BRDA:166,18,0,4
BRDA:172,19,0,84
BRDA:174,20,0,0
BRDA:188,21,0,67
BRDA:341,22,0,46
BRDA:341,23,0,20
BRDA:366,24,0,4
BRDA:367,25,0,62
BRDA:372,26,0,4
BRDA:372,27,0,62
BRDA:374,28,0,4
BRDA:415,29,0,1
BRDA:436,30,0,20
BRDA:436,31,0,46
BRDA:436,32,0,4
BRDA:436,33,0,42
BRDA:439,34,0,20
BRDA:439,35,0,46
BRDA:442,36,0,4
BRDA:442,37,0,62
BRDA:444,38,0,4
BRDA:459,39,0,21
BRDA:469,40,0,45
BRDA:202,41,0,8
BRDA:207,42,0,20
BRDA:209,43,0,19
BRDA:216,44,0,4
BRDA:220,45,0,9
BRDA:222,46,0,5
BRDA:224,47,0,0
BRDA:231,48,0,1
BRDA:231,49,0,4
BRDA:232,50,0,1
BRDA:232,51,0,4
BRDA:234,52,0,1
BRDA:237,53,0,4
BRDA:238,54,0,1
BRDA:240,55,0,2
BRDA:244,56,0,3
BRDA:245,57,0,2
BRDA:245,58,0,1
BRDA:246,59,0,2
BRDA:247,60,0,1
BRDA:249,61,0,2
BRDA:249,62,0,1
BRDA:257,63,0,3
BRDA:260,64,0,2
BRDA:263,65,0,1
BRDA:270,66,0,3
BRDA:273,67,0,0
BRDA:274,68,0,0
BRDA:275,69,0,0
BRDA:276,70,0,0
BRDA:278,71,0,0
BRDA:279,72,0,0
BRDA:284,73,0,1
BRDA:325,74,0,1
BRDA:399,75,0,594
BRDA:472,76,0,90
BRDA:473,77,0,0
BRDA:482,78,0,45
BRDA:485,79,0,45
BRDA:505,80,0,45
BRDA:510,81,0,45
BRDA:533,82,0,3
BRDA:533,83,0,87
BRDA:535,84,0,3
BRDA:535,85,0,87
BRDA:538,86,0,3
BRDA:538,87,0,87
BRDA:522,88,0,3
BRDA:530,89,0,3
BRF:90
BRH:76
end_of_record
TN:
SF:src\pages\DestinationsPage.jsx
FN:27,HeroCarousel
FN:45,onError
FN:125,DestinationsPage
FN:131,handleLogout
FN:140,onComplete
FN:169,onClick
FN:175,onMouseEnter
FN:176,onMouseLeave
FN:187,onMouseEnter
FN:188,onMouseLeave
FN:212,onClick
FN:213,onMouseEnter
FN:217,onMouseLeave
FNF:13
FNH:6
FNDA:10,HeroCarousel
FNDA:0,onError
FNDA:12,DestinationsPage
FNDA:1,handleLogout
FNDA:1,onComplete
FNDA:1,onClick
FNDA:0,onMouseEnter
FNDA:0,onMouseLeave
FNDA:0,onMouseEnter
FNDA:0,onMouseLeave
FNDA:2,onClick
FNDA:0,onMouseEnter
FNDA:0,onMouseLeave
DA:1,1
DA:2,1
DA:3,1
DA:4,1
DA:5,1
DA:6,1
DA:7,1
DA:8,1
DA:9,1
DA:10,1
DA:11,1
DA:12,1
DA:13,1
DA:14,1
DA:15,1
DA:16,1
DA:17,1
DA:18,1
DA:19,1
DA:20,1
DA:21,1
DA:22,1
DA:23,1
DA:24,1
DA:25,1
DA:26,1
DA:27,10
DA:28,10
DA:29,10
DA:30,10
DA:31,10
DA:32,10
DA:33,0
DA:34,10
DA:35,10
DA:36,10
DA:37,10
DA:38,10
DA:39,10
DA:40,10
DA:41,150
DA:42,150
DA:43,150
DA:44,150
DA:45,150
DA:46,150
DA:47,150
DA:48,150
DA:49,150
DA:50,150
DA:51,150
DA:52,150
DA:53,10
DA:54,10
DA:55,10
DA:56,10
DA:57,10
DA:58,10
DA:59,10
DA:60,10
DA:61,10
DA:62,10
DA:63,10
DA:64,10
DA:65,10
DA:66,10
DA:67,10
DA:68,10
DA:69,10
DA:70,10
DA:71,10
DA:72,10
DA:73,10
DA:74,10
DA:75,10
DA:76,10
DA:77,10
DA:78,10
DA:79,10
DA:80,10
DA:81,1
DA:82,1
DA:83,1
DA:84,1
DA:85,1
DA:86,1
DA:87,1
DA:88,1
DA:89,1
DA:90,1
DA:91,1
DA:92,1
DA:93,1
DA:94,1
DA:95,1
DA:96,1
DA:97,1
DA:98,1
DA:99,1
DA:100,1
DA:101,1
DA:102,1
DA:103,1
DA:104,1
DA:105,1
DA:106,1
DA:107,1
DA:108,1
DA:109,1
DA:110,1
DA:111,1
DA:112,1
DA:113,1
DA:114,1
DA:115,1
DA:116,1
DA:117,1
DA:118,1
DA:119,1
DA:120,1
DA:121,1
DA:122,1
DA:123,1
DA:124,1
DA:125,12
DA:126,12
DA:127,12
DA:128,12
DA:129,12
DA:130,12
DA:131,12
DA:132,1
DA:133,1
DA:134,1
DA:135,12
DA:136,12
DA:137,2
DA:138,2
DA:139,2
DA:140,2
DA:141,2
DA:142,2
DA:143,2
DA:144,10
DA:145,10
DA:146,10
DA:147,10
DA:148,10
DA:149,10
DA:150,10
DA:151,10
DA:152,10
DA:153,10
DA:154,10
DA:155,10
DA:156,10
DA:157,10
DA:158,10
DA:159,10
DA:160,10
DA:161,1
DA:162,1
DA:163,12
DA:164,12
DA:165,10
DA:166,10
DA:167,12
DA:168,12
DA:169,2
DA:170,2
DA:171,2
DA:172,2
DA:173,2
DA:174,2
DA:175,2
DA:176,2
DA:177,2
DA:178,2
DA:179,2
DA:180,12
DA:181,12
DA:182,12
DA:183,12
DA:184,12
DA:185,12
DA:186,12
DA:187,12
DA:188,12
DA:189,12
DA:190,12
DA:191,12
DA:192,12
DA:193,12
DA:194,12
DA:195,12
DA:196,12
DA:197,12
DA:198,12
DA:199,12
DA:200,12
DA:201,12
DA:202,50
DA:203,50
DA:204,50
DA:205,50
DA:206,50
DA:207,50
DA:208,50
DA:209,50
DA:210,50
DA:211,50
DA:212,50
DA:213,50
DA:214,0
DA:215,0
DA:216,0
DA:217,50
DA:218,0
DA:219,0
DA:220,0
DA:221,50
DA:222,50
DA:223,50
DA:224,50
DA:225,50
DA:226,50
DA:227,50
DA:228,50
DA:229,50
DA:230,50
DA:231,50
DA:232,50
DA:233,50
DA:234,50
DA:235,50
DA:236,50
DA:237,50
DA:238,50
DA:239,50
DA:240,50
DA:241,50
DA:242,50
DA:243,50
DA:244,50
DA:245,50
DA:246,50
DA:247,50
DA:248,50
DA:249,50
DA:250,50
DA:251,50
DA:252,50
DA:253,50
DA:254,50
DA:255,50
DA:256,50
DA:257,12
DA:258,12
DA:259,12
DA:260,12
DA:261,12
DA:262,12
LF:262
LH:255
BRDA:27,0,0,10
BRDA:31,1,0,10
BRDA:35,2,0,10
BRDA:40,3,0,150
BRDA:49,4,0,10
BRDA:49,5,0,140
BRDA:125,6,0,12
BRDA:136,7,0,2
BRDA:143,8,0,10
BRDA:160,9,0,1
BRDA:164,10,0,10
BRDA:164,11,0,10
BRDA:168,12,0,10
BRDA:168,13,0,2
BRDA:131,14,0,1
BRDA:140,15,0,1
BRDA:169,16,0,1
BRDA:201,17,0,50
BRDA:212,18,0,2
BRF:19
BRH:19
end_of_record
TN:
SF:src\pages\ErrorPage.jsx
FN:4,ErrorPage
FN:18,onClick
FN:21,onClick
FNF:3
FNH:1
FNDA:3,ErrorPage
FNDA:0,onClick
FNDA:0,onClick
DA:1,1
DA:2,1
DA:3,1
DA:4,3
DA:5,3
DA:6,3
DA:7,3
DA:8,3
DA:9,3
DA:10,3
DA:11,3
DA:12,3
DA:13,3
DA:14,3
DA:15,3
DA:16,3
DA:17,3
DA:18,3
DA:19,3
DA:20,3
DA:21,3
DA:22,3
DA:23,3
DA:24,3
DA:25,3
DA:26,3
DA:27,3
DA:28,3
LF:28
LH:28
BRDA:4,0,0,3
BRF:1
BRH:1
end_of_record
TN:
SF:src\pages\LoginPage.jsx
FN:33,LoginPage
FN:57,handleGoogleResponse
FN:74,renderGoogleButton
FN:214,onClick
FN:223,onMouseEnter
FN:224,onMouseLeave
FNF:6
FNH:3
FNDA:16,LoginPage
FNDA:4,handleGoogleResponse
FNDA:9,renderGoogleButton
FNDA:0,onClick
FNDA:0,onMouseEnter
FNDA:0,onMouseLeave
DA:1,1
DA:2,1
DA:3,1
DA:4,1
DA:5,1
DA:6,1
DA:7,1
DA:8,1
DA:9,1
DA:10,1
DA:11,1
DA:12,1
DA:13,1
DA:14,1
DA:15,1
DA:16,1
DA:17,1
DA:18,1
DA:19,1
DA:20,1
DA:21,1
DA:22,1
DA:23,1
DA:24,1
DA:25,1
DA:26,1
DA:27,1
DA:28,1
DA:29,1
DA:30,4
DA:31,1
DA:32,1
DA:33,16
DA:34,16
DA:35,16
DA:36,16
DA:37,16
DA:38,16
DA:39,16
DA:40,16
DA:41,16
DA:42,16
DA:43,16
DA:44,16
DA:45,9
DA:46,2
DA:47,2
DA:48,16
DA:49,16
DA:50,16
DA:51,9
DA:52,4
DA:53,4
DA:54,4
DA:55,16
DA:56,16
DA:57,16
DA:58,4
DA:59,4
DA:60,4
DA:61,4
DA:62,2
DA:63,4
DA:64,4
DA:65,2
DA:66,2
DA:67,2
DA:68,2
DA:69,2
DA:70,4
DA:71,16
DA:72,16
DA:73,11
DA:74,9
DA:75,9
DA:76,9
DA:77,9
DA:78,9
DA:79,9
DA:80,9
DA:81,9
DA:82,9
DA:83,9
DA:84,9
DA:85,9
DA:86,9
DA:87,9
DA:88,9
DA:89,9
DA:90,9
DA:91,9
DA:92,9
DA:93,9
DA:94,11
DA:95,0
DA:96,0
DA:97,0
DA:98,0
DA:99,0
DA:100,16
DA:101,16
DA:102,16
DA:103,16
DA:104,16
DA:105,16
DA:106,16
DA:107,16
DA:108,16
DA:109,16
DA:110,16
DA:111,16
DA:112,16
DA:113,16
DA:114,16
DA:115,16
DA:116,16
DA:117,16
DA:118,16
DA:119,16
DA:120,16
DA:121,16
DA:122,16
DA:123,64
DA:124,64
DA:125,64
DA:126,64
DA:127,64
DA:128,64
DA:129,64
DA:130,64
DA:131,64
DA:132,64
DA:133,64
DA:134,64
DA:135,64
DA:136,768
DA:137,768
DA:138,768
DA:139,768
DA:140,768
DA:141,768
DA:142,64
DA:143,64
DA:144,16
DA:145,16
DA:146,16
DA:147,16
DA:148,16
DA:149,16
DA:150,16
DA:151,16
DA:152,16
DA:153,16
DA:154,16
DA:155,16
DA:156,16
DA:157,16
DA:158,16
DA:159,16
DA:160,16
DA:161,16
DA:162,16
DA:163,16
DA:164,16
DA:165,16
DA:166,16
DA:167,16
DA:168,16
DA:169,1
DA:170,1
DA:171,1
DA:172,16
DA:173,16
DA:174,16
DA:175,16
DA:176,16
DA:177,4
DA:178,12
DA:179,16
DA:180,16
DA:181,16
DA:182,2
DA:183,2
DA:184,2
DA:185,2
DA:186,2
DA:187,2
DA:188,2
DA:189,16
DA:190,16
DA:191,16
DA:192,2
DA:193,2
DA:194,2
DA:195,2
DA:196,2
DA:197,2
DA:198,2
DA:199,2
DA:200,14
DA:201,14
DA:202,14
DA:203,14
DA:204,16
DA:205,16
DA:206,16
DA:207,16
DA:208,16
DA:209,16
DA:210,16
DA:211,16
DA:212,16
DA:213,16
DA:214,16
DA:215,16
DA:216,16
DA:217,16
DA:218,16
DA:219,16
DA:220,16
DA:221,16
DA:222,16
DA:223,16
DA:224,16
DA:225,16
DA:226,16
DA:227,16
DA:228,16
DA:229,16
DA:230,16
DA:231,16
DA:232,16
DA:233,16
DA:234,16
DA:235,16
DA:236,16
DA:237,16
DA:238,16
DA:239,16
DA:240,16
DA:241,16
DA:242,16
DA:243,16
LF:243
LH:238
BRDA:29,0,0,4
BRDA:30,1,0,16
BRDA:33,2,0,16
BRDA:166,3,0,4
BRDA:166,4,0,12
BRDA:168,5,0,4
BRDA:168,6,0,1
BRDA:176,7,0,4
BRDA:177,8,0,12
BRDA:181,9,0,2
BRDA:191,10,0,2
BRDA:199,11,0,14
BRDA:44,12,0,9
BRDA:45,13,0,2
BRDA:46,14,0,1
BRDA:46,15,0,1
BRDA:50,16,0,9
BRDA:51,17,0,5
BRDA:51,18,0,4
BRDA:54,19,0,1
BRDA:57,20,0,4
BRDA:61,21,0,2
BRDA:63,22,0,1
BRDA:63,23,0,1
BRDA:64,24,0,2
BRDA:65,25,0,1
BRDA:65,26,0,1
BRDA:68,27,0,1
BRDA:72,28,0,11
BRDA:73,29,0,2
BRDA:73,30,0,9
BRDA:94,31,0,0
BRDA:74,32,0,9
BRDA:75,33,0,0
BRDA:76,34,0,0
BRDA:122,35,0,64
BRDA:125,36,0,32
BRDA:125,37,0,32
BRDA:131,38,0,32
BRDA:131,39,0,32
BRDA:135,40,0,768
BRF:41
BRH:38
end_of_record
TN:
SF:src\pages\PlacesPage.jsx
FN:25,MapModal
FN:30,initMap
FN:92,script.onload
FN:98,handler
FN:107,onClick
FN:139,QRModal
FN:144,buildQR
FN:162,script.onload
FN:167,handleDownload
FN:177,handler
FN:184,onClick
FN:250,SunsetHero
FN:351,onChange
FN:371,PlacesPage
FN:389,setSelectedCategory
FN:398,setSearchTerm
FN:407,setSortBy
FN:483,onShowMap
FN:484,onShowQR
FN:497,onClick
FN:514,onChange
FN:530,onClick
FN:547,onClick
FN:571,onSelect
FN:587,onClose
FN:588,onClose
FNF:26
FNH:20
FNDA:2,MapModal
FNDA:2,initMap
FNDA:0,script.onload
FNDA:1,handler
FNDA:1,onClick
FNDA:2,QRModal
FNDA:1,buildQR
FNDA:0,script.onload
FNDA:0,handleDownload
FNDA:0,handler
FNDA:1,onClick
FNDA:64,SunsetHero
FNDA:37,onChange
FNDA:94,PlacesPage
FNDA:3,setSelectedCategory
FNDA:38,setSearchTerm
FNDA:2,setSortBy
FNDA:2,onShowMap
FNDA:1,onShowQR
FNDA:2,onClick
FNDA:2,onChange
FNDA:1,onClick
FNDA:0,onClick
FNDA:0,onSelect
FNDA:2,onClose
FNDA:1,onClose
DA:1,1
DA:2,1
DA:3,1
DA:4,1
DA:5,1
DA:6,1
DA:7,1
DA:8,1
DA:9,1
DA:10,1
DA:11,1
DA:12,1
DA:13,1
DA:14,1
DA:15,1
DA:16,1
DA:17,1
DA:18,1
DA:19,1
DA:20,1
DA:21,1
DA:22,1
DA:23,1
DA:24,1
DA:25,2
DA:26,2
DA:27,2
DA:28,2
DA:29,2
DA:30,2
DA:31,2
DA:32,2
DA:33,2
DA:34,2
DA:35,2
DA:36,2
DA:37,0
DA:38,2
DA:39,2
DA:40,0
DA:41,2
DA:42,2
DA:43,2
DA:44,2
DA:45,2
DA:46,2
DA:47,2
DA:48,2
DA:49,2
DA:50,4
DA:51,4
DA:52,4
DA:53,4
DA:54,4
DA:55,4
DA:56,4
DA:57,4
DA:58,4
DA:59,4
DA:60,4
DA:61,4
DA:62,4
DA:63,4
DA:64,4
DA:65,4
DA:66,4
DA:67,4
DA:68,4
DA:69,4
DA:70,4
DA:71,4
DA:72,2
DA:73,2
DA:74,2
DA:75,2
DA:76,2
DA:77,2
DA:78,2
DA:79,2
DA:80,2
DA:81,2
DA:82,1
DA:83,1
DA:84,1
DA:85,1
DA:86,1
DA:87,2
DA:88,2
DA:89,2
DA:90,0
DA:91,0
DA:92,0
DA:93,0
DA:94,0
DA:95,2
DA:96,2
DA:97,2
DA:98,2
DA:99,2
DA:100,2
DA:101,2
DA:102,2
DA:103,2
DA:104,2
DA:105,2
DA:106,2
DA:107,2
DA:108,2
DA:109,2
DA:110,2
DA:111,2
DA:112,2
DA:113,2
DA:114,2
DA:115,2
DA:116,2
DA:117,2
DA:118,2
DA:119,2
DA:120,2
DA:121,2
DA:122,2
DA:123,2
DA:124,6
DA:125,6
DA:126,6
DA:127,6
DA:128,6
DA:129,6
DA:130,2
DA:131,2
DA:132,2
DA:133,2
DA:134,2
DA:135,2
DA:136,2
DA:137,1
DA:138,1
DA:139,2
DA:140,2
DA:141,2
DA:142,2
DA:143,2
DA:144,2
DA:145,1
DA:146,1
DA:147,1
DA:148,1
DA:149,1
DA:150,1
DA:151,1
DA:152,1
DA:153,1
DA:154,1
DA:155,2
DA:156,2
DA:157,1
DA:158,1
DA:159,1
DA:160,0
DA:161,0
DA:162,0
DA:163,0
DA:164,0
DA:165,2
DA:166,2
DA:167,2
DA:168,0
DA:169,0
DA:170,0
DA:171,0
DA:172,0
DA:173,0
DA:174,0
DA:175,2
DA:176,2
DA:177,1
DA:178,1
DA:179,1
DA:180,2
DA:181,2
DA:182,2
DA:183,2
DA:184,2
DA:185,2
DA:186,2
DA:187,2
DA:188,2
DA:189,2
DA:190,2
DA:191,2
DA:192,2
DA:193,2
DA:194,2
DA:195,2
DA:196,2
DA:197,2
DA:198,2
DA:199,2
DA:200,2
DA:201,2
DA:202,2
DA:203,2
DA:204,2
DA:205,2
DA:206,2
DA:207,2
DA:208,2
DA:209,2
DA:210,2
DA:211,2
DA:212,2
DA:213,2
DA:214,2
DA:215,2
DA:216,2
DA:217,2
DA:218,2
DA:219,2
DA:220,2
DA:221,2
DA:222,2
DA:223,2
DA:224,2
DA:225,2
DA:226,2
DA:227,2
DA:228,2
DA:229,2
DA:230,2
DA:231,2
DA:232,2
DA:233,2
DA:234,2
DA:235,2
DA:236,2
DA:237,2
DA:238,2
DA:239,2
DA:240,1
DA:241,1
DA:242,1
DA:243,1
DA:244,1
DA:245,1
DA:246,1
DA:247,1
DA:248,1
DA:249,1
DA:250,64
DA:251,64
DA:252,64
DA:253,64
DA:254,64
DA:255,16
DA:256,16
DA:257,16
DA:258,16
DA:259,320
DA:260,320
DA:261,320
DA:262,320
DA:263,320
DA:264,320
DA:265,320
DA:266,320
DA:267,320
DA:268,320
DA:269,320
DA:270,320
DA:271,320
DA:272,320
DA:273,320
DA:274,16
DA:275,64
DA:276,64
DA:277,64
DA:278,64
DA:279,64
DA:280,64
DA:281,64
DA:282,64
DA:283,64
DA:284,64
DA:285,64
DA:286,64
DA:287,64
DA:288,64
DA:289,64
DA:290,64
DA:291,64
DA:292,64
DA:293,64
DA:294,64
DA:295,64
DA:296,64
DA:297,64
DA:298,64
DA:299,64
DA:300,64
DA:301,64
DA:302,64
DA:303,64
DA:304,64
DA:305,64
DA:306,64
DA:307,64
DA:308,64
DA:309,64
DA:310,64
DA:311,64
DA:312,64
DA:313,64
DA:314,64
DA:315,64
DA:316,64
DA:317,64
DA:318,64
DA:319,64
DA:320,64
DA:321,64
DA:322,64
DA:323,64
DA:324,64
DA:325,64
DA:326,64
DA:327,64
DA:328,64
DA:329,64
DA:330,64
DA:331,64
DA:332,64
DA:333,64
DA:334,64
DA:335,64
DA:336,64
DA:337,64
DA:338,64
DA:339,64
DA:340,64
DA:341,64
DA:342,64
DA:343,64
DA:344,64
DA:345,64
DA:346,64
DA:347,64
DA:348,64
DA:349,64
DA:350,64
DA:351,64
DA:352,64
DA:353,64
DA:354,64
DA:355,64
DA:356,64
DA:357,64
DA:358,64
DA:359,64
DA:360,128
DA:361,128
DA:362,128
DA:363,128
DA:364,64
DA:365,64
DA:366,64
DA:367,64
DA:368,64
DA:369,1
DA:370,1
DA:371,94
DA:372,94
DA:373,94
DA:374,94
DA:375,94
DA:376,94
DA:377,94
DA:378,94
DA:379,94
DA:380,94
DA:381,94
DA:382,94
DA:383,94
DA:384,94
DA:385,94
DA:386,94
DA:387,94
DA:388,94
DA:389,94
DA:390,3
DA:391,3
DA:392,3
DA:393,1
DA:394,3
DA:395,3
DA:396,3
DA:397,94
DA:398,94
DA:399,38
DA:400,38
DA:401,38
DA:402,2
DA:403,38
DA:404,38
DA:405,38
DA:406,94
DA:407,94
DA:408,2
DA:409,2
DA:410,2
DA:411,2
DA:412,2
DA:413,2
DA:414,2
DA:415,94
DA:416,94
DA:417,17
DA:418,17
DA:419,16
DA:420,16
DA:421,17
DA:422,17
DA:423,17
DA:424,94
DA:425,94
DA:426,94
DA:427,75
DA:428,75
DA:429,75
DA:430,39
DA:431,39
DA:432,112
DA:433,105
DA:434,39
DA:435,39
DA:436,75
DA:437,41
DA:438,41
DA:439,34
DA:440,75
DA:441,75
DA:442,94
DA:443,94
DA:444,94
DA:445,75
DA:446,0
DA:447,0
DA:448,94
DA:449,94
DA:450,94
DA:451,94
DA:452,94
DA:453,94
DA:454,29
DA:455,29
DA:456,29
DA:457,29
DA:458,29
DA:459,29
DA:460,29
DA:461,29
DA:462,29
DA:463,29
DA:464,65
DA:465,65
DA:466,65
DA:467,65
DA:468,65
DA:469,65
DA:470,65
DA:471,65
DA:472,65
DA:473,65
DA:474,65
DA:475,65
DA:476,65
DA:477,65
DA:478,64
DA:479,64
DA:480,64
DA:481,64
DA:482,64
DA:483,64
DA:484,64
DA:485,64
DA:486,94
DA:487,94
DA:488,94
DA:489,94
DA:490,94
DA:491,94
DA:492,257
DA:493,65
DA:494,192
DA:495,257
DA:496,257
DA:497,257
DA:498,257
DA:499,257
DA:500,257
DA:501,257
DA:502,257
DA:503,257
DA:504,257
DA:505,65
DA:506,65
DA:507,65
DA:508,257
DA:509,257
DA:510,257
DA:511,94
DA:512,94
DA:513,94
DA:514,94
DA:515,94
DA:516,94
DA:517,94
DA:518,94
DA:519,94
DA:520,94
DA:521,94
DA:522,94
DA:523,94
DA:524,94
DA:525,94
DA:526,31
DA:527,31
DA:528,31
DA:529,31
DA:530,31
DA:531,31
DA:532,31
DA:533,31
DA:534,31
DA:535,34
DA:536,34
DA:537,34
DA:538,34
DA:539,0
DA:540,34
DA:541,2
DA:542,32
DA:543,34
DA:544,34
DA:545,0
DA:546,0
DA:547,0
DA:548,0
DA:549,0
DA:550,0
DA:551,0
DA:552,0
DA:553,0
DA:554,0
DA:555,0
DA:556,0
DA:557,0
DA:558,0
DA:559,0
DA:560,0
DA:561,0
DA:562,34
DA:563,34
DA:564,34
DA:565,84
DA:566,84
DA:567,84
DA:568,84
DA:569,84
DA:570,84
DA:571,84
DA:572,0
DA:573,0
DA:574,84
DA:575,84
DA:576,34
DA:577,34
DA:578,0
DA:579,0
DA:580,0
DA:581,34
DA:582,34
DA:583,34
DA:584,94
DA:585,94
DA:586,94
DA:587,94
DA:588,94
DA:589,94
DA:590,94
DA:591,94
DA:592,94
LF:592
LH:548
BRDA:25,0,0,2
BRDA:30,1,0,2
BRDA:32,2,0,0
BRDA:36,3,0,0
BRDA:39,4,0,0
BRDA:34,5,0,6
BRDA:34,6,0,4
BRDA:36,7,0,4
BRDA:39,8,0,4
BRDA:49,9,0,4
BRDA:50,10,0,0
BRDA:64,11,0,0
BRDA:69,12,0,0
BRDA:69,13,0,0
BRDA:70,14,0,0
BRDA:75,15,0,4
BRDA:80,16,0,2
BRDA:81,17,0,1
BRDA:89,18,0,0
BRDA:97,19,0,2
BRDA:98,20,0,1
BRDA:100,21,0,2
BRDA:103,22,0,6
BRDA:107,23,0,1
BRDA:107,24,0,0
BRDA:116,25,0,6
BRDA:116,26,0,4
BRDA:123,27,0,6
BRDA:124,28,0,0
BRDA:139,29,0,2
BRDA:208,30,0,0
BRDA:208,31,0,0
BRDA:213,32,0,1
BRDA:228,33,0,1
BRDA:228,34,0,1
BRDA:228,35,0,1
BRDA:228,36,0,1
BRDA:144,37,0,1
BRDA:145,38,0,0
BRDA:156,39,0,1
BRDA:159,40,0,0
BRDA:176,41,0,1
BRDA:179,42,0,1
BRDA:184,43,0,1
BRDA:184,44,0,0
BRDA:250,45,0,64
BRDA:254,46,0,16
BRDA:256,47,0,0
BRDA:258,48,0,320
BRDA:351,49,0,37
BRDA:358,50,0,192
BRDA:359,51,0,128
BRDA:371,52,0,94
BRDA:385,53,0,87
BRDA:386,54,0,54
BRDA:387,55,0,92
BRDA:451,56,0,0
BRDA:453,57,0,29
BRDA:463,58,0,65
BRDA:477,59,0,64
BRDA:525,60,0,31
BRDA:534,61,0,34
BRDA:538,62,0,0
BRDA:540,63,0,2
BRDA:541,64,0,0
BRDA:541,65,0,32
BRDA:544,66,0,0
BRDA:563,67,0,0
BRDA:577,68,0,0
BRDA:587,69,0,2
BRDA:588,70,0,1
BRDA:389,71,0,3
BRDA:390,72,0,3
BRDA:392,73,0,2
BRDA:392,74,0,1
BRDA:398,75,0,38
BRDA:399,76,0,38
BRDA:401,77,0,36
BRDA:401,78,0,2
BRDA:407,79,0,2
BRDA:408,80,0,2
BRDA:410,81,0,0
BRDA:416,82,0,17
BRDA:418,83,0,16
BRDA:422,84,0,1
BRDA:423,85,0,17
BRDA:426,86,0,75
BRDA:428,87,0,5
BRDA:429,88,0,39
BRDA:428,89,0,9
BRDA:431,90,0,112
BRDA:432,91,0,105
BRDA:433,92,0,0
BRDA:436,93,0,41
BRDA:437,94,0,3
BRDA:437,95,0,38
BRDA:438,96,0,4
BRDA:438,97,0,0
BRDA:438,98,0,0
BRDA:438,99,0,34
BRDA:444,100,0,75
BRDA:445,101,0,0
BRDA:450,102,0,228
BRDA:472,103,0,780
BRDA:483,104,0,2
BRDA:484,105,0,1
BRDA:491,106,0,257
BRDA:492,107,0,65
BRDA:493,108,0,192
BRDA:499,109,0,65
BRDA:499,110,0,192
BRDA:500,111,0,65
BRDA:500,112,0,192
BRDA:500,113,0,0
BRDA:501,114,0,65
BRDA:501,115,0,192
BRDA:501,116,0,0
BRDA:503,117,0,0
BRDA:504,118,0,65
BRDA:506,119,0,62
BRDA:506,120,0,3
BRDA:497,121,0,2
BRDA:506,122,0,9
BRDA:514,123,0,2
BRDA:530,124,0,1
BRDA:564,125,0,84
BRDA:570,126,0,0
BRDA:587,127,0,2
BRDA:588,128,0,1
BRF:129
BRH:97
end_of_record
TN:
SF:src\pages\QRPage.jsx
FN:6,QRPage
FN:26,script.onload
FN:42,handleDownload
FN:146,onClick
FNF:4
FNH:4
FNDA:22,QRPage
FNDA:8,script.onload
FNDA:2,handleDownload
FNDA:1,onClick
DA:1,1
DA:2,1
DA:3,1
DA:4,1
DA:5,1
DA:6,22
DA:7,22
DA:8,22
DA:9,22
DA:10,22
DA:11,22
DA:12,22
DA:13,22
DA:14,22
DA:15,8
DA:16,6
DA:17,6
DA:18,6
DA:19,6
DA:20,22
DA:21,22
DA:22,22
DA:23,8
DA:24,8
DA:25,8
DA:26,8
DA:27,8
DA:28,8
DA:29,8
DA:30,8
DA:31,8
DA:32,8
DA:33,8
DA:34,8
DA:35,8
DA:36,8
DA:37,8
DA:38,8
DA:39,8
DA:40,22
DA:41,22
DA:42,22
DA:43,2
DA:44,2
DA:45,1
DA:46,2
DA:47,2
DA:48,2
DA:49,2
DA:50,22
DA:51,22
DA:52,22
DA:53,22
DA:54,22
DA:55,22
DA:56,22
DA:57,22
DA:58,22
DA:59,22
DA:60,22
DA:61,22
DA:62,22
DA:63,22
DA:64,22
DA:65,22
DA:66,22
DA:67,22
DA:68,22
DA:69,22
DA:70,22
DA:71,22
DA:72,22
DA:73,22
DA:74,22
DA:75,22
DA:76,22
DA:77,22
DA:78,22
DA:79,22
DA:80,22
DA:81,22
DA:82,22
DA:83,22
DA:84,22
DA:85,22
DA:86,22
DA:87,22
DA:88,22
DA:89,22
DA:90,22
DA:91,22
DA:92,22
DA:93,22
DA:94,22
DA:95,22
DA:96,22
DA:97,22
DA:98,22
DA:99,22
DA:100,22
DA:101,22
DA:102,22
DA:103,22
DA:104,22
DA:105,22
DA:106,22
DA:107,22
DA:108,22
DA:109,22
DA:110,22
DA:111,22
DA:112,22
DA:113,22
DA:114,2
DA:115,2
DA:116,2
DA:117,22
DA:118,22
DA:119,22
DA:120,22
DA:121,22
DA:122,22
DA:123,22
DA:124,22
DA:125,22
DA:126,22
DA:127,22
DA:128,22
DA:129,22
DA:130,22
DA:131,22
DA:132,22
DA:133,22
DA:134,22
DA:135,22
DA:136,22
DA:137,22
DA:138,22
DA:139,22
DA:140,22
DA:141,22
DA:142,22
DA:143,22
DA:144,22
DA:145,22
DA:146,22
DA:147,22
DA:148,22
DA:149,22
DA:150,22
DA:151,22
DA:152,22
DA:153,22
DA:154,22
DA:155,22
DA:156,22
DA:157,22
DA:158,22
DA:159,22
DA:160,22
LF:160
LH:160
BRDA:6,0,0,22
BRDA:111,1,0,6
BRDA:111,2,0,16
BRDA:113,3,0,6
BRDA:113,4,0,2
BRDA:121,5,0,14
BRDA:131,6,0,6
BRDA:131,7,0,16
BRDA:14,8,0,8
BRDA:15,9,0,6
BRDA:22,10,0,8
BRDA:23,11,0,0
BRDA:26,12,0,8
BRDA:29,13,0,2
BRDA:42,14,0,2
BRDA:44,15,0,1
BRDA:46,16,0,0
BRDA:146,17,0,1
BRF:18
BRH:16
end_of_record
TN:
SF:src\services\api.js
FN:32,loginWithGoogle
FN:38,getTown
FN:39,getPlaces
FN:44,getMe
FN:48,createPlace
FN:51,updatePlace
FN:54,deletePlace
FN:59,getReviews
FN:62,createReview
FNF:9
FNH:7
FNDA:1,loginWithGoogle
FNDA:1,getTown
FNDA:1,getPlaces
FNDA:1,getMe
FNDA:1,createPlace
FNDA:1,updatePlace
FNDA:1,deletePlace
FNDA:0,getReviews
FNDA:0,createReview
DA:1,1
DA:2,1
DA:3,1
DA:4,1
DA:5,1
DA:6,1
DA:7,1
DA:8,1
DA:9,2
DA:10,2
DA:11,1
DA:12,1
DA:13,2
DA:14,2
DA:15,1
DA:16,1
DA:17,1
DA:18,1
DA:19,1
DA:20,2
DA:21,1
DA:22,1
DA:23,1
DA:24,1
DA:25,2
DA:26,2
DA:27,1
DA:28,1
DA:29,1
DA:30,1
DA:31,1
DA:32,1
DA:33,1
DA:34,1
DA:35,1
DA:36,1
DA:37,1
DA:38,1
DA:39,1
DA:40,1
DA:41,1
DA:42,1
DA:43,1
DA:44,1
DA:45,1
DA:46,1
DA:47,1
DA:48,1
DA:49,1
DA:50,1
DA:51,1
DA:52,1
DA:53,1
DA:54,1
DA:55,1
DA:56,1
DA:57,1
DA:58,1
DA:59,1
DA:60,1
DA:61,1
DA:62,1
DA:63,0
DA:64,0
DA:65,0
DA:66,1
DA:67,1
DA:68,1
LF:68
LH:65
BRDA:4,0,0,0
BRDA:8,1,0,2
BRDA:10,2,0,1
BRDA:19,3,0,2
BRDA:20,4,0,1
BRDA:32,5,0,1
BRDA:33,6,0,1
BRDA:38,7,0,1
BRDA:38,8,0,1
BRDA:39,9,0,1
BRDA:39,10,0,1
BRDA:44,11,0,1
BRDA:44,12,0,1
BRDA:48,13,0,1
BRDA:49,14,0,1
BRDA:51,15,0,1
BRDA:52,16,0,1
BRDA:54,17,0,1
BRF:18
BRH:17
end_of_record
